{"/home/travis/build/npmtest/node-npmtest-gsm-modem/test.js":{"path":"/home/travis/build/npmtest/node-npmtest-gsm-modem/test.js","s":{"1":1,"2":1,"3":1,"4":1,"5":1,"6":1,"7":1,"8":1,"9":1,"10":1,"11":0,"12":0,"13":1,"14":1,"15":1,"16":1,"17":1,"18":1,"19":0,"20":1,"21":1,"22":1,"23":1,"24":0,"25":0,"26":0,"27":0,"28":1,"29":1,"30":1,"31":1,"32":1,"33":1,"34":1,"35":1,"36":1,"37":1,"38":1,"39":2,"40":2,"41":1,"42":2,"43":2,"44":1,"45":2,"46":2,"47":1,"48":2,"49":2,"50":1,"51":1,"52":1,"53":1,"54":1},"b":{"1":[1,0,0,0],"2":[1,1,1,1],"3":[0,1],"4":[0,1],"5":[0,0],"6":[1,1],"7":[0,1],"8":[0,1],"9":[0,0],"10":[0,0,0],"11":[1,1],"12":[1,1],"13":[1,1],"14":[1,1],"15":[1,1],"16":[1,1],"17":[1,1]},"f":{"1":1,"2":1,"3":1,"4":1,"5":1,"6":0,"7":1,"8":1,"9":2,"10":2,"11":2,"12":2,"13":1},"fnMap":{"1":{"name":"(anonymous_1)","line":12,"loc":{"start":{"line":12,"column":1},"end":{"line":12,"column":13}}},"2":{"name":"(anonymous_2)","line":19,"loc":{"start":{"line":19,"column":5},"end":{"line":19,"column":17}}},"3":{"name":"(anonymous_3)","line":23,"loc":{"start":{"line":23,"column":24},"end":{"line":23,"column":36}}},"4":{"name":"(anonymous_4)","line":61,"loc":{"start":{"line":61,"column":5},"end":{"line":61,"column":17}}},"5":{"name":"(anonymous_5)","line":82,"loc":{"start":{"line":82,"column":5},"end":{"line":82,"column":17}}},"6":{"name":"(anonymous_6)","line":91,"loc":{"start":{"line":91,"column":77},"end":{"line":94,"column":10}}},"7":{"name":"(anonymous_7)","line":112,"loc":{"start":{"line":112,"column":83},"end":{"line":115,"column":10}},"skip":true},"8":{"name":"(anonymous_8)","line":123,"loc":{"start":{"line":123,"column":77},"end":{"line":126,"column":10}},"skip":true},"9":{"name":"(anonymous_9)","line":139,"loc":{"start":{"line":139,"column":12},"end":{"line":139,"column":40}},"skip":true},"10":{"name":"(anonymous_10)","line":147,"loc":{"start":{"line":147,"column":77},"end":{"line":150,"column":10}},"skip":true},"11":{"name":"(anonymous_11)","line":158,"loc":{"start":{"line":158,"column":83},"end":{"line":161,"column":10}},"skip":true},"12":{"name":"(anonymous_12)","line":169,"loc":{"start":{"line":169,"column":79},"end":{"line":172,"column":10}},"skip":true},"13":{"name":"(anonymous_13)","line":180,"loc":{"start":{"line":180,"column":75},"end":{"line":183,"column":10}},"skip":true}},"statementMap":{"1":{"start":{"line":12,"column":0},"end":{"line":195,"column":5}},"2":{"start":{"line":14,"column":4},"end":{"line":14,"column":14}},"3":{"start":{"line":19,"column":4},"end":{"line":56,"column":9}},"4":{"start":{"line":21,"column":8},"end":{"line":21,"column":19}},"5":{"start":{"line":23,"column":8},"end":{"line":35,"column":13}},"6":{"start":{"line":24,"column":12},"end":{"line":34,"column":13}},"7":{"start":{"line":25,"column":16},"end":{"line":28,"column":30}},"8":{"start":{"line":30,"column":16},"end":{"line":33,"column":27}},"9":{"start":{"line":37,"column":8},"end":{"line":39,"column":21}},"10":{"start":{"line":40,"column":8},"end":{"line":53,"column":9}},"11":{"start":{"line":43,"column":12},"end":{"line":46,"column":14}},"12":{"start":{"line":47,"column":12},"end":{"line":47,"column":18}},"13":{"start":{"line":50,"column":12},"end":{"line":51,"column":33}},"14":{"start":{"line":52,"column":12},"end":{"line":52,"column":18}},"15":{"start":{"line":55,"column":8},"end":{"line":55,"column":35}},"16":{"start":{"line":61,"column":4},"end":{"line":63,"column":9}},"17":{"start":{"line":62,"column":8},"end":{"line":62,"column":15}},"18":{"start":{"line":64,"column":4},"end":{"line":77,"column":5}},"19":{"start":{"line":70,"column":8},"end":{"line":70,"column":14}},"20":{"start":{"line":76,"column":8},"end":{"line":76,"column":14}},"21":{"start":{"line":82,"column":4},"end":{"line":84,"column":9}},"22":{"start":{"line":83,"column":8},"end":{"line":83,"column":15}},"23":{"start":{"line":85,"column":4},"end":{"line":194,"column":5}},"24":{"start":{"line":91,"column":8},"end":{"line":99,"column":10}},"25":{"start":{"line":98,"column":12},"end":{"line":98,"column":35}},"26":{"start":{"line":102,"column":8},"end":{"line":104,"column":63}},"27":{"start":{"line":105,"column":8},"end":{"line":105,"column":14}},"28":{"start":{"line":112,"column":8},"end":{"line":121,"column":10},"skip":true},"29":{"start":{"line":119,"column":12},"end":{"line":119,"column":55},"skip":true},"30":{"start":{"line":120,"column":12},"end":{"line":120,"column":48},"skip":true},"31":{"start":{"line":123,"column":8},"end":{"line":136,"column":10},"skip":true},"32":{"start":{"line":130,"column":12},"end":{"line":130,"column":76},"skip":true},"33":{"start":{"line":131,"column":12},"end":{"line":131,"column":73},"skip":true},"34":{"start":{"line":132,"column":12},"end":{"line":132,"column":74},"skip":true},"35":{"start":{"line":133,"column":12},"end":{"line":133,"column":79},"skip":true},"36":{"start":{"line":134,"column":12},"end":{"line":134,"column":25},"skip":true},"37":{"start":{"line":135,"column":12},"end":{"line":135,"column":45},"skip":true},"38":{"start":{"line":138,"column":8},"end":{"line":145,"column":14},"skip":true},"39":{"start":{"line":143,"column":16},"end":{"line":143,"column":29},"skip":true},"40":{"start":{"line":144,"column":16},"end":{"line":144,"column":55},"skip":true},"41":{"start":{"line":147,"column":8},"end":{"line":156,"column":10},"skip":true},"42":{"start":{"line":154,"column":12},"end":{"line":154,"column":25},"skip":true},"43":{"start":{"line":155,"column":12},"end":{"line":155,"column":45},"skip":true},"44":{"start":{"line":158,"column":8},"end":{"line":167,"column":10},"skip":true},"45":{"start":{"line":165,"column":12},"end":{"line":165,"column":25},"skip":true},"46":{"start":{"line":166,"column":12},"end":{"line":166,"column":48},"skip":true},"47":{"start":{"line":169,"column":8},"end":{"line":178,"column":10},"skip":true},"48":{"start":{"line":176,"column":12},"end":{"line":176,"column":25},"skip":true},"49":{"start":{"line":177,"column":12},"end":{"line":177,"column":46},"skip":true},"50":{"start":{"line":180,"column":8},"end":{"line":189,"column":10},"skip":true},"51":{"start":{"line":187,"column":12},"end":{"line":187,"column":94},"skip":true},"52":{"start":{"line":188,"column":12},"end":{"line":188,"column":48},"skip":true},"53":{"start":{"line":192,"column":8},"end":{"line":192,"column":35},"skip":true},"54":{"start":{"line":193,"column":8},"end":{"line":193,"column":14},"skip":true}},"branchMap":{"1":{"line":25,"type":"binary-expr","locations":[{"start":{"line":25,"column":23},"end":{"line":25,"column":62}},{"start":{"line":26,"column":20},"end":{"line":26,"column":70}},{"start":{"line":27,"column":20},"end":{"line":27,"column":71}},{"start":{"line":28,"column":20},"end":{"line":28,"column":29}}]},"2":{"line":30,"type":"binary-expr","locations":[{"start":{"line":30,"column":23},"end":{"line":30,"column":37}},{"start":{"line":31,"column":20},"end":{"line":31,"column":61}},{"start":{"line":32,"column":20},"end":{"line":32,"column":70}},{"start":{"line":33,"column":20},"end":{"line":33,"column":26}}]},"3":{"line":37,"type":"cond-expr","locations":[{"start":{"line":38,"column":14},"end":{"line":38,"column":20}},{"start":{"line":39,"column":14},"end":{"line":39,"column":20}}]},"4":{"line":40,"type":"switch","locations":[{"start":{"line":42,"column":8},"end":{"line":47,"column":18}},{"start":{"line":49,"column":8},"end":{"line":52,"column":18}}]},"5":{"line":44,"type":"binary-expr","locations":[{"start":{"line":44,"column":16},"end":{"line":44,"column":44}},{"start":{"line":44,"column":48},"end":{"line":44,"column":66}}]},"6":{"line":50,"type":"binary-expr","locations":[{"start":{"line":50,"column":21},"end":{"line":50,"column":49}},{"start":{"line":50,"column":53},"end":{"line":50,"column":72}}]},"7":{"line":64,"type":"switch","locations":[{"start":{"line":69,"column":4},"end":{"line":70,"column":14}},{"start":{"line":75,"column":4},"end":{"line":76,"column":14}}]},"8":{"line":85,"type":"switch","locations":[{"start":{"line":90,"column":4},"end":{"line":105,"column":14}},{"start":{"line":111,"column":4},"end":{"line":193,"column":14},"skip":true}]},"9":{"line":91,"type":"binary-expr","locations":[{"start":{"line":91,"column":42},"end":{"line":91,"column":73}},{"start":{"line":91,"column":77},"end":{"line":99,"column":9}}]},"10":{"line":102,"type":"binary-expr","locations":[{"start":{"line":102,"column":18},"end":{"line":102,"column":32}},{"start":{"line":103,"column":12},"end":{"line":103,"column":53}},{"start":{"line":104,"column":12},"end":{"line":104,"column":61}}]},"11":{"line":112,"type":"binary-expr","locations":[{"start":{"line":112,"column":45},"end":{"line":112,"column":79},"skip":true},{"start":{"line":112,"column":83},"end":{"line":121,"column":9},"skip":true}]},"12":{"line":123,"type":"binary-expr","locations":[{"start":{"line":123,"column":42},"end":{"line":123,"column":73},"skip":true},{"start":{"line":123,"column":77},"end":{"line":136,"column":9},"skip":true}]},"13":{"line":138,"type":"binary-expr","locations":[{"start":{"line":138,"column":48},"end":{"line":138,"column":85},"skip":true},{"start":{"line":139,"column":12},"end":{"line":145,"column":13},"skip":true}]},"14":{"line":147,"type":"binary-expr","locations":[{"start":{"line":147,"column":42},"end":{"line":147,"column":73},"skip":true},{"start":{"line":147,"column":77},"end":{"line":156,"column":9},"skip":true}]},"15":{"line":158,"type":"binary-expr","locations":[{"start":{"line":158,"column":45},"end":{"line":158,"column":79},"skip":true},{"start":{"line":158,"column":83},"end":{"line":167,"column":9},"skip":true}]},"16":{"line":169,"type":"binary-expr","locations":[{"start":{"line":169,"column":43},"end":{"line":169,"column":75},"skip":true},{"start":{"line":169,"column":79},"end":{"line":178,"column":9},"skip":true}]},"17":{"line":180,"type":"binary-expr","locations":[{"start":{"line":180,"column":41},"end":{"line":180,"column":71},"skip":true},{"start":{"line":180,"column":75},"end":{"line":189,"column":9},"skip":true}]}},"code":["/* istanbul instrument in package npmtest_gsm_modem */","/*jslint","    bitwise: true,","    browser: true,","    maxerr: 8,","    maxlen: 96,","    node: true,","    nomen: true,","    regexp: true,","    stupid: true","*/","(function () {","    'use strict';","    var local;","","","","    // run shared js-env code - pre-init","    (function () {","        // init local","        local = {};","        // init modeJs","        local.modeJs = (function () {","            try {","                return typeof navigator.userAgent === 'string' &&","                    typeof document.querySelector('body') === 'object' &&","                    typeof XMLHttpRequest.prototype.open === 'function' &&","                    'browser';","            } catch (errorCaughtBrowser) {","                return module.exports &&","                    typeof process.versions.node === 'string' &&","                    typeof require('http').createServer === 'function' &&","                    'node';","            }","        }());","        // init global","        local.global = local.modeJs === 'browser'","            ? window","            : global;","        switch (local.modeJs) {","        // re-init local from window.local","        case 'browser':","            local = local.global.utility2.objectSetDefault(","                local.global.utility2_rollup || local.global.local,","                local.global.utility2","            );","            break;","        // re-init local from example.js","        case 'node':","            local = (local.global.utility2_rollup || require('utility2'))","                .requireReadme();","            break;","        }","        // export local","        local.global.local = local;","    }());","","","","    // run shared js-env code - function","    (function () {","        return;","    }());","    switch (local.modeJs) {","","","","    // run browser js-env code - function","    case 'browser':","        break;","","","","    // run node js-env code - function","    case 'node':","        break;","    }","","","","    // run shared js-env code - post-init","    (function () {","        return;","    }());","    switch (local.modeJs) {","","","","    // run browser js-env code - post-init","    case 'browser':","        local.testCase_browser_nullCase = local.testCase_browser_nullCase || function (","            options,","            onError","        ) {","        /*","         * this function will test browsers's null-case handling-behavior-behavior","         */","            onError(null, options);","        };","","        // run tests","        local.nop(local.modeTest &&","            document.querySelector('#testRunButton1') &&","            document.querySelector('#testRunButton1').click());","        break;","","","","    // run node js-env code - post-init","    /* istanbul ignore next */","    case 'node':","        local.testCase_buildApidoc_default = local.testCase_buildApidoc_default || function (","            options,","            onError","        ) {","        /*","         * this function will test buildApidoc's default handling-behavior-behavior","         */","            options = { modulePathList: module.paths };","            local.buildApidoc(options, onError);","        };","","        local.testCase_buildApp_default = local.testCase_buildApp_default || function (","            options,","            onError","        ) {","        /*","         * this function will test buildApp's default handling-behavior-behavior","         */","            local.testCase_buildReadme_default(options, local.onErrorThrow);","            local.testCase_buildLib_default(options, local.onErrorThrow);","            local.testCase_buildTest_default(options, local.onErrorThrow);","            local.testCase_buildCustomOrg_default(options, local.onErrorThrow);","            options = [];","            local.buildApp(options, onError);","        };","","        local.testCase_buildCustomOrg_default = local.testCase_buildCustomOrg_default ||","            function (options, onError) {","            /*","             * this function will test buildCustomOrg's default handling-behavior","             */","                options = {};","                local.buildCustomOrg(options, onError);","            };","","        local.testCase_buildLib_default = local.testCase_buildLib_default || function (","            options,","            onError","        ) {","        /*","         * this function will test buildLib's default handling-behavior","         */","            options = {};","            local.buildLib(options, onError);","        };","","        local.testCase_buildReadme_default = local.testCase_buildReadme_default || function (","            options,","            onError","        ) {","        /*","         * this function will test buildReadme's default handling-behavior-behavior","         */","            options = {};","            local.buildReadme(options, onError);","        };","","        local.testCase_buildTest_default = local.testCase_buildTest_default || function (","            options,","            onError","        ) {","        /*","         * this function will test buildTest's default handling-behavior","         */","            options = {};","            local.buildTest(options, onError);","        };","","        local.testCase_webpage_default = local.testCase_webpage_default || function (","            options,","            onError","        ) {","        /*","         * this function will test webpage's default handling-behavior","         */","            options = { modeCoverageMerge: true, url: local.serverLocalHost + '?modeTest=1' };","            local.browserTest(options, onError);","        };","","        // run test-server","        local.testRunServer(local);","        break;","    }","}());",""],"l":{"12":1,"14":1,"19":1,"21":1,"23":1,"24":1,"25":1,"30":1,"37":1,"40":1,"43":0,"47":0,"50":1,"52":1,"55":1,"61":1,"62":1,"64":1,"70":0,"76":1,"82":1,"83":1,"85":1,"91":0,"98":0,"102":0,"105":0,"112":1,"119":1,"120":1,"123":1,"130":1,"131":1,"132":1,"133":1,"134":1,"135":1,"138":1,"143":2,"144":2,"147":1,"154":2,"155":2,"158":1,"165":2,"166":2,"169":1,"176":2,"177":2,"180":1,"187":1,"188":1,"192":1,"193":1}},"/home/travis/build/npmtest/node-npmtest-gsm-modem/lib.npmtest_gsm_modem.js":{"path":"/home/travis/build/npmtest/node-npmtest-gsm-modem/lib.npmtest_gsm_modem.js","s":{"1":1,"2":1,"3":1,"4":1,"5":1,"6":1,"7":1,"8":1,"9":1,"10":1,"11":1,"12":1,"13":0,"14":1,"15":1,"16":1},"b":{"1":[1,0,0,0],"2":[1,1,1,1],"3":[0,1],"4":[1,1],"5":[0,1]},"f":{"1":1,"2":1,"3":1},"fnMap":{"1":{"name":"(anonymous_1)","line":12,"loc":{"start":{"line":12,"column":1},"end":{"line":12,"column":13}}},"2":{"name":"(anonymous_2)","line":19,"loc":{"start":{"line":19,"column":5},"end":{"line":19,"column":17}}},"3":{"name":"(anonymous_3)","line":23,"loc":{"start":{"line":23,"column":24},"end":{"line":23,"column":36}}}},"statementMap":{"1":{"start":{"line":12,"column":0},"end":{"line":53,"column":5}},"2":{"start":{"line":14,"column":4},"end":{"line":14,"column":14}},"3":{"start":{"line":19,"column":4},"end":{"line":52,"column":9}},"4":{"start":{"line":21,"column":8},"end":{"line":21,"column":19}},"5":{"start":{"line":23,"column":8},"end":{"line":35,"column":13}},"6":{"start":{"line":24,"column":12},"end":{"line":34,"column":13}},"7":{"start":{"line":25,"column":16},"end":{"line":28,"column":30}},"8":{"start":{"line":30,"column":16},"end":{"line":33,"column":27}},"9":{"start":{"line":37,"column":8},"end":{"line":39,"column":21}},"10":{"start":{"line":41,"column":8},"end":{"line":41,"column":54}},"11":{"start":{"line":43,"column":8},"end":{"line":43,"column":54}},"12":{"start":{"line":45,"column":8},"end":{"line":51,"column":9}},"13":{"start":{"line":46,"column":12},"end":{"line":46,"column":60}},"14":{"start":{"line":48,"column":12},"end":{"line":48,"column":35}},"15":{"start":{"line":49,"column":12},"end":{"line":49,"column":49}},"16":{"start":{"line":50,"column":12},"end":{"line":50,"column":43}}},"branchMap":{"1":{"line":25,"type":"binary-expr","locations":[{"start":{"line":25,"column":23},"end":{"line":25,"column":62}},{"start":{"line":26,"column":20},"end":{"line":26,"column":70}},{"start":{"line":27,"column":20},"end":{"line":27,"column":71}},{"start":{"line":28,"column":20},"end":{"line":28,"column":29}}]},"2":{"line":30,"type":"binary-expr","locations":[{"start":{"line":30,"column":23},"end":{"line":30,"column":37}},{"start":{"line":31,"column":20},"end":{"line":31,"column":61}},{"start":{"line":32,"column":20},"end":{"line":32,"column":70}},{"start":{"line":33,"column":20},"end":{"line":33,"column":26}}]},"3":{"line":37,"type":"cond-expr","locations":[{"start":{"line":38,"column":14},"end":{"line":38,"column":20}},{"start":{"line":39,"column":14},"end":{"line":39,"column":20}}]},"4":{"line":41,"type":"binary-expr","locations":[{"start":{"line":41,"column":16},"end":{"line":41,"column":44}},{"start":{"line":41,"column":48},"end":{"line":41,"column":53}}]},"5":{"line":45,"type":"if","locations":[{"start":{"line":45,"column":8},"end":{"line":45,"column":8}},{"start":{"line":45,"column":8},"end":{"line":45,"column":8}}]}},"code":["/* istanbul instrument in package npmtest_gsm_modem */","/*jslint","    bitwise: true,","    browser: true,","    maxerr: 8,","    maxlen: 96,","    node: true,","    nomen: true,","    regexp: true,","    stupid: true","*/","(function () {","    'use strict';","    var local;","","","","    // run shared js-env code - pre-init","    (function () {","        // init local","        local = {};","        // init modeJs","        local.modeJs = (function () {","            try {","                return typeof navigator.userAgent === 'string' &&","                    typeof document.querySelector('body') === 'object' &&","                    typeof XMLHttpRequest.prototype.open === 'function' &&","                    'browser';","            } catch (errorCaughtBrowser) {","                return module.exports &&","                    typeof process.versions.node === 'string' &&","                    typeof require('http').createServer === 'function' &&","                    'node';","            }","        }());","        // init global","        local.global = local.modeJs === 'browser'","            ? window","            : global;","        // init utility2_rollup","        local = local.global.utility2_rollup || local;","        // init lib","        local.local = local.npmtest_gsm_modem = local;","        // init exports","        if (local.modeJs === 'browser') {","            local.global.utility2_npmtest_gsm_modem = local;","        } else {","            module.exports = local;","            module.exports.__dirname = __dirname;","            module.exports.module = module;","        }","    }());","}());",""],"l":{"12":1,"14":1,"19":1,"21":1,"23":1,"24":1,"25":1,"30":1,"37":1,"41":1,"43":1,"45":1,"46":0,"48":1,"49":1,"50":1}},"/home/travis/build/npmtest/node-npmtest-gsm-modem/example.js":{"path":"/home/travis/build/npmtest/node-npmtest-gsm-modem/example.js","s":{"1":1,"2":1,"3":1,"4":1,"5":1,"6":1,"7":1,"8":1,"9":1,"10":1,"11":1,"12":1,"13":0,"14":0,"15":0,"16":0,"17":0,"18":0,"19":0,"20":0,"21":0,"22":0,"23":0,"24":0,"25":0,"26":0,"27":0,"28":0,"29":0,"30":0,"31":0,"32":0,"33":0,"34":0,"35":0,"36":0,"37":0,"38":0,"39":0,"40":0,"41":0,"42":0,"43":0,"44":0,"45":0,"46":0,"47":0,"48":0,"49":0,"50":1,"51":1,"52":1,"53":1,"54":1,"55":1,"56":1,"57":0,"58":1,"59":6,"60":6,"61":1,"62":2,"63":0,"64":2,"65":1,"66":1,"67":0,"68":0,"69":0,"70":0,"71":0,"72":0,"73":0,"74":0,"75":0,"76":0,"77":0,"78":0,"79":0,"80":0,"81":0,"82":0,"83":0},"b":{"1":[1,0,0,0],"2":[1,1,1,1],"3":[0,1],"4":[1,1],"5":[0,1],"6":[0,1],"7":[0,0],"8":[0,0,0,0,0,0],"9":[0,0,0],"10":[0,0],"11":[0,0,0],"12":[0,0],"13":[0,0],"14":[0,0,0,0,0,0,0],"15":[0,0],"16":[0,0],"17":[1,1],"18":[0,1],"19":[1,2,0,2],"20":[1,0],"21":[1,1],"22":[0,0],"23":[0,0],"24":[0,0],"25":[0,0],"26":[0,0],"27":[0,0],"28":[0,0]},"f":{"1":1,"2":1,"3":1,"4":0,"5":0,"6":0,"7":0,"8":0,"9":0,"10":0,"11":6,"12":0},"fnMap":{"1":{"name":"(anonymous_1)","line":26,"loc":{"start":{"line":26,"column":1},"end":{"line":26,"column":13}}},"2":{"name":"(anonymous_2)","line":33,"loc":{"start":{"line":33,"column":5},"end":{"line":33,"column":17}}},"3":{"name":"(anonymous_3)","line":37,"loc":{"start":{"line":37,"column":24},"end":{"line":37,"column":36}}},"4":{"name":"(anonymous_4)","line":69,"loc":{"start":{"line":69,"column":31},"end":{"line":69,"column":48}},"skip":true},"5":{"name":"(anonymous_5)","line":78,"loc":{"start":{"line":78,"column":26},"end":{"line":78,"column":45}},"skip":true},"6":{"name":"(anonymous_6)","line":123,"loc":{"start":{"line":123,"column":33},"end":{"line":123,"column":48}},"skip":true},"7":{"name":"(anonymous_7)","line":125,"loc":{"start":{"line":125,"column":27},"end":{"line":125,"column":39}},"skip":true},"8":{"name":"(anonymous_8)","line":133,"loc":{"start":{"line":133,"column":59},"end":{"line":133,"column":74}},"skip":true},"9":{"name":"(anonymous_9)","line":143,"loc":{"start":{"line":143,"column":45},"end":{"line":143,"column":62}},"skip":true},"10":{"name":"(anonymous_10)","line":144,"loc":{"start":{"line":144,"column":73},"end":{"line":144,"column":92}},"skip":true},"11":{"name":"(anonymous_11)","line":272,"loc":{"start":{"line":272,"column":51},"end":{"line":272,"column":77}},"skip":true},"12":{"name":"(anonymous_12)","line":315,"loc":{"start":{"line":315,"column":32},"end":{"line":315,"column":61}},"skip":true}},"statementMap":{"1":{"start":{"line":26,"column":0},"end":{"line":326,"column":5}},"2":{"start":{"line":28,"column":4},"end":{"line":28,"column":14}},"3":{"start":{"line":33,"column":4},"end":{"line":60,"column":9}},"4":{"start":{"line":35,"column":8},"end":{"line":35,"column":19}},"5":{"start":{"line":37,"column":8},"end":{"line":49,"column":13}},"6":{"start":{"line":38,"column":12},"end":{"line":48,"column":13}},"7":{"start":{"line":39,"column":16},"end":{"line":42,"column":30}},"8":{"start":{"line":44,"column":16},"end":{"line":47,"column":27}},"9":{"start":{"line":51,"column":8},"end":{"line":53,"column":21}},"10":{"start":{"line":55,"column":8},"end":{"line":57,"column":45}},"11":{"start":{"line":59,"column":8},"end":{"line":59,"column":35}},"12":{"start":{"line":61,"column":4},"end":{"line":325,"column":5}},"13":{"start":{"line":69,"column":8},"end":{"line":121,"column":10},"skip":true},"14":{"start":{"line":70,"column":12},"end":{"line":88,"column":13},"skip":true},"15":{"start":{"line":76,"column":16},"end":{"line":87,"column":19},"skip":true},"16":{"start":{"line":79,"column":20},"end":{"line":86,"column":21},"skip":true},"17":{"start":{"line":82,"column":24},"end":{"line":82,"column":43},"skip":true},"18":{"start":{"line":83,"column":24},"end":{"line":83,"column":30},"skip":true},"19":{"start":{"line":85,"column":24},"end":{"line":85,"column":49},"skip":true},"20":{"start":{"line":89,"column":12},"end":{"line":107,"column":13},"skip":true},"21":{"start":{"line":92,"column":16},"end":{"line":102,"column":17},"skip":true},"22":{"start":{"line":93,"column":20},"end":{"line":93,"column":86},"skip":true},"23":{"start":{"line":94,"column":20},"end":{"line":95,"column":45},"skip":true},"24":{"start":{"line":96,"column":20},"end":{"line":96,"column":42},"skip":true},"25":{"start":{"line":97,"column":20},"end":{"line":97,"column":48},"skip":true},"26":{"start":{"line":100,"column":20},"end":{"line":100,"column":85},"skip":true},"27":{"start":{"line":101,"column":20},"end":{"line":101,"column":96},"skip":true},"28":{"start":{"line":103,"column":16},"end":{"line":103,"column":22},"skip":true},"29":{"start":{"line":106,"column":16},"end":{"line":106,"column":22},"skip":true},"30":{"start":{"line":108,"column":12},"end":{"line":120,"column":13},"skip":true},"31":{"start":{"line":114,"column":16},"end":{"line":119,"column":17},"skip":true},"32":{"start":{"line":116,"column":20},"end":{"line":116,"column":78},"skip":true},"33":{"start":{"line":118,"column":20},"end":{"line":118,"column":47},"skip":true},"34":{"start":{"line":123,"column":8},"end":{"line":141,"column":11},"skip":true},"35":{"start":{"line":124,"column":12},"end":{"line":124,"column":54},"skip":true},"36":{"start":{"line":125,"column":12},"end":{"line":140,"column":14},"skip":true},"37":{"start":{"line":126,"column":16},"end":{"line":126,"column":28},"skip":true},"38":{"start":{"line":127,"column":16},"end":{"line":127,"column":69},"skip":true},"39":{"start":{"line":128,"column":16},"end":{"line":128,"column":75},"skip":true},"40":{"start":{"line":129,"column":16},"end":{"line":131,"column":17},"skip":true},"41":{"start":{"line":130,"column":20},"end":{"line":130,"column":27},"skip":true},"42":{"start":{"line":133,"column":16},"end":{"line":137,"column":36},"skip":true},"43":{"start":{"line":134,"column":20},"end":{"line":136,"column":55},"skip":true},"44":{"start":{"line":139,"column":16},"end":{"line":139,"column":57},"skip":true},"45":{"start":{"line":143,"column":8},"end":{"line":147,"column":11},"skip":true},"46":{"start":{"line":144,"column":12},"end":{"line":146,"column":15},"skip":true},"47":{"start":{"line":145,"column":16},"end":{"line":145,"column":70},"skip":true},"48":{"start":{"line":149,"column":8},"end":{"line":149,"column":31},"skip":true},"49":{"start":{"line":150,"column":8},"end":{"line":150,"column":14},"skip":true},"50":{"start":{"line":158,"column":8},"end":{"line":158,"column":31},"skip":true},"51":{"start":{"line":160,"column":8},"end":{"line":160,"column":33},"skip":true},"52":{"start":{"line":161,"column":8},"end":{"line":161,"column":37},"skip":true},"53":{"start":{"line":162,"column":8},"end":{"line":162,"column":35},"skip":true},"54":{"start":{"line":164,"column":8},"end":{"line":164,"column":50},"skip":true},"55":{"start":{"line":166,"column":8},"end":{"line":256,"column":2},"skip":true},"56":{"start":{"line":258,"column":8},"end":{"line":286,"column":9},"skip":true},"57":{"start":{"line":259,"column":12},"end":{"line":269,"column":14},"skip":true},"58":{"start":{"line":271,"column":12},"end":{"line":285,"column":19},"skip":true},"59":{"start":{"line":274,"column":20},"end":{"line":274,"column":35},"skip":true},"60":{"start":{"line":275,"column":20},"end":{"line":284,"column":21},"skip":true},"61":{"start":{"line":277,"column":24},"end":{"line":277,"column":64},"skip":true},"62":{"start":{"line":279,"column":24},"end":{"line":279,"column":40},"skip":true},"63":{"start":{"line":281,"column":24},"end":{"line":281,"column":40},"skip":true},"64":{"start":{"line":283,"column":24},"end":{"line":283,"column":39},"skip":true},"65":{"start":{"line":288,"column":8},"end":{"line":290,"column":9},"skip":true},"66":{"start":{"line":289,"column":12},"end":{"line":289,"column":18},"skip":true},"67":{"start":{"line":291,"column":8},"end":{"line":293,"column":54},"skip":true},"68":{"start":{"line":296,"column":8},"end":{"line":301,"column":37},"skip":true},"69":{"start":{"line":303,"column":8},"end":{"line":303,"column":82},"skip":true},"70":{"start":{"line":306,"column":8},"end":{"line":308,"column":9},"skip":true},"71":{"start":{"line":307,"column":12},"end":{"line":307,"column":82},"skip":true},"72":{"start":{"line":310,"column":8},"end":{"line":312,"column":9},"skip":true},"73":{"start":{"line":311,"column":12},"end":{"line":311,"column":18},"skip":true},"74":{"start":{"line":313,"column":8},"end":{"line":313,"column":54},"skip":true},"75":{"start":{"line":314,"column":8},"end":{"line":314,"column":69},"skip":true},"76":{"start":{"line":315,"column":8},"end":{"line":323,"column":36},"skip":true},"77":{"start":{"line":316,"column":12},"end":{"line":316,"column":61},"skip":true},"78":{"start":{"line":317,"column":12},"end":{"line":320,"column":13},"skip":true},"79":{"start":{"line":318,"column":16},"end":{"line":318,"column":75},"skip":true},"80":{"start":{"line":319,"column":16},"end":{"line":319,"column":23},"skip":true},"81":{"start":{"line":321,"column":12},"end":{"line":321,"column":38},"skip":true},"82":{"start":{"line":322,"column":12},"end":{"line":322,"column":27},"skip":true},"83":{"start":{"line":324,"column":8},"end":{"line":324,"column":14},"skip":true}},"branchMap":{"1":{"line":39,"type":"binary-expr","locations":[{"start":{"line":39,"column":23},"end":{"line":39,"column":62}},{"start":{"line":40,"column":20},"end":{"line":40,"column":70}},{"start":{"line":41,"column":20},"end":{"line":41,"column":71}},{"start":{"line":42,"column":20},"end":{"line":42,"column":29}}]},"2":{"line":44,"type":"binary-expr","locations":[{"start":{"line":44,"column":23},"end":{"line":44,"column":37}},{"start":{"line":45,"column":20},"end":{"line":45,"column":61}},{"start":{"line":46,"column":20},"end":{"line":46,"column":70}},{"start":{"line":47,"column":20},"end":{"line":47,"column":26}}]},"3":{"line":51,"type":"cond-expr","locations":[{"start":{"line":52,"column":14},"end":{"line":52,"column":20}},{"start":{"line":53,"column":14},"end":{"line":53,"column":20}}]},"4":{"line":55,"type":"binary-expr","locations":[{"start":{"line":55,"column":16},"end":{"line":55,"column":44}},{"start":{"line":55,"column":49},"end":{"line":57,"column":43}}]},"5":{"line":55,"type":"cond-expr","locations":[{"start":{"line":56,"column":14},"end":{"line":56,"column":53}},{"start":{"line":57,"column":14},"end":{"line":57,"column":43}}]},"6":{"line":61,"type":"switch","locations":[{"start":{"line":68,"column":4},"end":{"line":150,"column":14},"skip":true},{"start":{"line":156,"column":4},"end":{"line":324,"column":14},"skip":true}]},"7":{"line":70,"type":"if","locations":[{"start":{"line":70,"column":12},"end":{"line":70,"column":12},"skip":true},{"start":{"line":70,"column":12},"end":{"line":70,"column":12},"skip":true}]},"8":{"line":70,"type":"binary-expr","locations":[{"start":{"line":70,"column":16},"end":{"line":70,"column":22},"skip":true},{"start":{"line":70,"column":27},"end":{"line":70,"column":32},"skip":true},{"start":{"line":71,"column":20},"end":{"line":71,"column":39},"skip":true},{"start":{"line":72,"column":20},"end":{"line":72,"column":49},"skip":true},{"start":{"line":73,"column":20},"end":{"line":73,"column":58},"skip":true},{"start":{"line":74,"column":20},"end":{"line":74,"column":69},"skip":true}]},"9":{"line":79,"type":"switch","locations":[{"start":{"line":80,"column":20},"end":{"line":80,"column":33},"skip":true},{"start":{"line":81,"column":20},"end":{"line":83,"column":30},"skip":true},{"start":{"line":84,"column":20},"end":{"line":85,"column":49},"skip":true}]},"10":{"line":89,"type":"switch","locations":[{"start":{"line":90,"column":12},"end":{"line":103,"column":22},"skip":true},{"start":{"line":105,"column":12},"end":{"line":106,"column":22},"skip":true}]},"11":{"line":89,"type":"binary-expr","locations":[{"start":{"line":89,"column":20},"end":{"line":89,"column":25},"skip":true},{"start":{"line":89,"column":29},"end":{"line":89,"column":48},"skip":true},{"start":{"line":89,"column":52},"end":{"line":89,"column":74},"skip":true}]},"12":{"line":92,"type":"if","locations":[{"start":{"line":92,"column":16},"end":{"line":92,"column":16},"skip":true},{"start":{"line":92,"column":16},"end":{"line":92,"column":16},"skip":true}]},"13":{"line":108,"type":"if","locations":[{"start":{"line":108,"column":12},"end":{"line":108,"column":12},"skip":true},{"start":{"line":108,"column":12},"end":{"line":108,"column":12},"skip":true}]},"14":{"line":108,"type":"binary-expr","locations":[{"start":{"line":108,"column":16},"end":{"line":108,"column":61},"skip":true},{"start":{"line":108,"column":66},"end":{"line":108,"column":72},"skip":true},{"start":{"line":108,"column":77},"end":{"line":108,"column":82},"skip":true},{"start":{"line":109,"column":20},"end":{"line":109,"column":39},"skip":true},{"start":{"line":110,"column":20},"end":{"line":110,"column":49},"skip":true},{"start":{"line":111,"column":20},"end":{"line":111,"column":58},"skip":true},{"start":{"line":112,"column":20},"end":{"line":112,"column":68},"skip":true}]},"15":{"line":129,"type":"if","locations":[{"start":{"line":129,"column":16},"end":{"line":129,"column":16},"skip":true},{"start":{"line":129,"column":16},"end":{"line":129,"column":16},"skip":true}]},"16":{"line":134,"type":"cond-expr","locations":[{"start":{"line":135,"column":26},"end":{"line":135,"column":29},"skip":true},{"start":{"line":136,"column":26},"end":{"line":136,"column":54},"skip":true}]},"17":{"line":164,"type":"binary-expr","locations":[{"start":{"line":164,"column":27},"end":{"line":164,"column":43},"skip":true},{"start":{"line":164,"column":47},"end":{"line":164,"column":49},"skip":true}]},"18":{"line":258,"type":"if","locations":[{"start":{"line":258,"column":8},"end":{"line":258,"column":8},"skip":true},{"start":{"line":258,"column":8},"end":{"line":258,"column":8},"skip":true}]},"19":{"line":275,"type":"switch","locations":[{"start":{"line":276,"column":20},"end":{"line":277,"column":64},"skip":true},{"start":{"line":278,"column":20},"end":{"line":279,"column":40},"skip":true},{"start":{"line":280,"column":20},"end":{"line":281,"column":40},"skip":true},{"start":{"line":282,"column":20},"end":{"line":283,"column":39},"skip":true}]},"20":{"line":288,"type":"if","locations":[{"start":{"line":288,"column":8},"end":{"line":288,"column":8},"skip":true},{"start":{"line":288,"column":8},"end":{"line":288,"column":8},"skip":true}]},"21":{"line":288,"type":"binary-expr","locations":[{"start":{"line":288,"column":12},"end":{"line":288,"column":40},"skip":true},{"start":{"line":288,"column":44},"end":{"line":288,"column":67},"skip":true}]},"22":{"line":292,"type":"binary-expr","locations":[{"start":{"line":292,"column":12},"end":{"line":292,"column":50},"skip":true},{"start":{"line":293,"column":12},"end":{"line":293,"column":53},"skip":true}]},"23":{"line":297,"type":"binary-expr","locations":[{"start":{"line":297,"column":12},"end":{"line":297,"column":67},"skip":true},{"start":{"line":298,"column":12},"end":{"line":301,"column":36},"skip":true}]},"24":{"line":303,"type":"binary-expr","locations":[{"start":{"line":303,"column":43},"end":{"line":303,"column":75},"skip":true},{"start":{"line":303,"column":79},"end":{"line":303,"column":81},"skip":true}]},"25":{"line":306,"type":"if","locations":[{"start":{"line":306,"column":8},"end":{"line":306,"column":8},"skip":true},{"start":{"line":306,"column":8},"end":{"line":306,"column":8},"skip":true}]},"26":{"line":310,"type":"if","locations":[{"start":{"line":310,"column":8},"end":{"line":310,"column":8},"skip":true},{"start":{"line":310,"column":8},"end":{"line":310,"column":8},"skip":true}]},"27":{"line":313,"type":"binary-expr","locations":[{"start":{"line":313,"column":27},"end":{"line":313,"column":43},"skip":true},{"start":{"line":313,"column":47},"end":{"line":313,"column":53},"skip":true}]},"28":{"line":317,"type":"if","locations":[{"start":{"line":317,"column":12},"end":{"line":317,"column":12},"skip":true},{"start":{"line":317,"column":12},"end":{"line":317,"column":12},"skip":true}]}},"code":["/*","example.js","","quickstart example","","instruction","    1. save this script as example.js","    2. run the shell command:","        $ npm install npmtest-gsm-modem && PORT=8081 node example.js","    3. play with the browser-demo on http://127.0.0.1:8081","*/","","","","/* istanbul instrument in package npmtest_gsm_modem */","/*jslint","    bitwise: true,","    browser: true,","    maxerr: 8,","    maxlen: 96,","    node: true,","    nomen: true,","    regexp: true,","    stupid: true","*/","(function () {","    'use strict';","    var local;","","","","    // run shared js-env code - pre-init","    (function () {","        // init local","        local = {};","        // init modeJs","        local.modeJs = (function () {","            try {","                return typeof navigator.userAgent === 'string' &&","                    typeof document.querySelector('body') === 'object' &&","                    typeof XMLHttpRequest.prototype.open === 'function' &&","                    'browser';","            } catch (errorCaughtBrowser) {","                return module.exports &&","                    typeof process.versions.node === 'string' &&","                    typeof require('http').createServer === 'function' &&","                    'node';","            }","        }());","        // init global","        local.global = local.modeJs === 'browser'","            ? window","            : global;","        // init utility2_rollup","        local = local.global.utility2_rollup || (local.modeJs === 'browser'","            ? local.global.utility2_npmtest_gsm_modem","            : global.utility2_moduleExports);","        // export local","        local.global.local = local;","    }());","    switch (local.modeJs) {","","","","    // post-init","    // run browser js-env code - post-init","    /* istanbul ignore next */","    case 'browser':","        local.testRunBrowser = function (event) {","            if (!event || (event &&","                    event.currentTarget &&","                    event.currentTarget.className &&","                    event.currentTarget.className.includes &&","                    event.currentTarget.className.includes('onreset'))) {","                // reset output","                Array.from(","                    document.querySelectorAll('body > .resettable')","                ).forEach(function (element) {","                    switch (element.tagName) {","                    case 'INPUT':","                    case 'TEXTAREA':","                        element.value = '';","                        break;","                    default:","                        element.textContent = '';","                    }","                });","            }","            switch (event && event.currentTarget && event.currentTarget.id) {","            case 'testRunButton1':","                // show tests","                if (document.querySelector('#testReportDiv1').style.display === 'none') {","                    document.querySelector('#testReportDiv1').style.display = 'block';","                    document.querySelector('#testRunButton1').textContent =","                        'hide internal test';","                    local.modeTest = true;","                    local.testRunDefault(local);","                // hide tests","                } else {","                    document.querySelector('#testReportDiv1').style.display = 'none';","                    document.querySelector('#testRunButton1').textContent = 'run internal test';","                }","                break;","            // custom-case","            default:","                break;","            }","            if (document.querySelector('#inputTextareaEval1') && (!event || (event &&","                    event.currentTarget &&","                    event.currentTarget.className &&","                    event.currentTarget.className.includes &&","                    event.currentTarget.className.includes('oneval')))) {","                // try to eval input-code","                try {","                    /*jslint evil: true*/","                    eval(document.querySelector('#inputTextareaEval1').value);","                } catch (errorCaught) {","                    console.error(errorCaught);","                }","            }","        };","        // log stderr and stdout to #outputTextareaStdout1","        ['error', 'log'].forEach(function (key) {","            console[key + '_original'] = console[key];","            console[key] = function () {","                var element;","                console[key + '_original'].apply(console, arguments);","                element = document.querySelector('#outputTextareaStdout1');","                if (!element) {","                    return;","                }","                // append text to #outputTextareaStdout1","                element.value += Array.from(arguments).map(function (arg) {","                    return typeof arg === 'string'","                        ? arg","                        : JSON.stringify(arg, null, 4);","                }).join(' ') + '\\n';","                // scroll textarea to bottom","                element.scrollTop = element.scrollHeight;","            };","        });","        // init event-handling","        ['change', 'click', 'keyup'].forEach(function (event) {","            Array.from(document.querySelectorAll('.on' + event)).forEach(function (element) {","                element.addEventListener(event, local.testRunBrowser);","            });","        });","        // run tests","        local.testRunBrowser();","        break;","","","","    // run node js-env code - post-init","    /* istanbul ignore next */","    case 'node':","        // export local","        module.exports = local;","        // require modules","        local.fs = require('fs');","        local.http = require('http');","        local.url = require('url');","        // init assets","        local.assetsDict = local.assetsDict || {};","        /* jslint-ignore-begin */","        local.assetsDict['/assets.index.template.html'] = '\\","<!doctype html>\\n\\","<html lang=\"en\">\\n\\","<head>\\n\\","<meta charset=\"UTF-8\">\\n\\","<meta name=\"viewport\" content=\"width=device-width, initial-scale=1\">\\n\\","<title>{{env.npm_package_name}} (v{{env.npm_package_version}})</title>\\n\\","<style>\\n\\","/*csslint\\n\\","    box-sizing: false,\\n\\","    universal-selector: false\\n\\","*/\\n\\","* {\\n\\","    box-sizing: border-box;\\n\\","}\\n\\","body {\\n\\","    background: #dde;\\n\\","    font-family: Arial, Helvetica, sans-serif;\\n\\","    margin: 2rem;\\n\\","}\\n\\","body > * {\\n\\","    margin-bottom: 1rem;\\n\\","}\\n\\",".utility2FooterDiv {\\n\\","    margin-top: 20px;\\n\\","    text-align: center;\\n\\","}\\n\\","</style>\\n\\","<style>\\n\\","/*csslint\\n\\","*/\\n\\","textarea {\\n\\","    font-family: monospace;\\n\\","    height: 10rem;\\n\\","    width: 100%;\\n\\","}\\n\\","textarea[readonly] {\\n\\","    background: #ddd;\\n\\","}\\n\\","</style>\\n\\","</head>\\n\\","<body>\\n\\","<!-- utility2-comment\\n\\","<div id=\"ajaxProgressDiv1\" style=\"background: #d00; height: 2px; left: 0; margin: 0; padding: 0; position: fixed; top: 0; transition: background 0.5s, width 1.5s; width: 25%;\"></div>\\n\\","utility2-comment -->\\n\\","<h1>\\n\\","<!-- utility2-comment\\n\\","    <a\\n\\","        {{#if env.npm_package_homepage}}\\n\\","        href=\"{{env.npm_package_homepage}}\"\\n\\","        {{/if env.npm_package_homepage}}\\n\\","        target=\"_blank\"\\n\\","    >\\n\\","utility2-comment -->\\n\\","        {{env.npm_package_name}} (v{{env.npm_package_version}})\\n\\","<!-- utility2-comment\\n\\","    </a>\\n\\","utility2-comment -->\\n\\","</h1>\\n\\","<h3>{{env.npm_package_description}}</h3>\\n\\","<!-- utility2-comment\\n\\","<h4><a download href=\"assets.app.js\">download standalone app</a></h4>\\n\\","<button class=\"onclick onreset\" id=\"testRunButton1\">run internal test</button><br>\\n\\","<div id=\"testReportDiv1\" style=\"display: none;\"></div>\\n\\","utility2-comment -->\\n\\","\\n\\","\\n\\","\\n\\","<label>stderr and stdout</label>\\n\\","<textarea class=\"resettable\" id=\"outputTextareaStdout1\" readonly></textarea>\\n\\","<!-- utility2-comment\\n\\","{{#if isRollup}}\\n\\","<script src=\"assets.app.js\"></script>\\n\\","{{#unless isRollup}}\\n\\","utility2-comment -->\\n\\","<script src=\"assets.utility2.rollup.js\"></script>\\n\\","<script src=\"jsonp.utility2._stateInit?callback=window.utility2._stateInit\"></script>\\n\\","<script src=\"assets.npmtest_gsm_modem.rollup.js\"></script>\\n\\","<script src=\"assets.example.js\"></script>\\n\\","<script src=\"assets.test.js\"></script>\\n\\","<!-- utility2-comment\\n\\","{{/if isRollup}}\\n\\","utility2-comment -->\\n\\","<div class=\"utility2FooterDiv\">\\n\\","    [ this app was created with\\n\\","    <a href=\"https://github.com/kaizhu256/node-utility2\" target=\"_blank\">utility2</a>\\n\\","    ]\\n\\","</div>\\n\\","</body>\\n\\","</html>\\n\\","';","        /* jslint-ignore-end */","        if (local.templateRender) {","            local.assetsDict['/'] = local.templateRender(","                local.assetsDict['/assets.index.template.html'],","                {","                    env: local.objectSetDefault(local.env, {","                        npm_package_description: 'the greatest app in the world!',","                        npm_package_name: 'my-app',","                        npm_package_nameAlias: 'my_app',","                        npm_package_version: '0.0.1'","                    })","                }","            );","        } else {","            local.assetsDict['/'] = local.assetsDict['/assets.index.template.html']","                .replace((/\\{\\{env\\.(\\w+?)\\}\\}/g), function (match0, match1) {","                    // jslint-hack","                    String(match0);","                    switch (match1) {","                    case 'npm_package_description':","                        return 'the greatest app in the world!';","                    case 'npm_package_name':","                        return 'my-app';","                    case 'npm_package_nameAlias':","                        return 'my_app';","                    case 'npm_package_version':","                        return '0.0.1';","                    }","                });","        }","        // run the cli","        if (local.global.utility2_rollup || module !== require.main) {","            break;","        }","        local.assetsDict['/assets.example.js'] =","            local.assetsDict['/assets.example.js'] ||","            local.fs.readFileSync(__filename, 'utf8');","        // bug-workaround - long $npm_package_buildCustomOrg","        /* jslint-ignore-begin */","        local.assetsDict['/assets.npmtest_gsm_modem.rollup.js'] =","            local.assetsDict['/assets.npmtest_gsm_modem.rollup.js'] ||","            local.fs.readFileSync(","                local.npmtest_gsm_modem.__dirname + '/lib.npmtest_gsm_modem.js',","                'utf8'","            ).replace((/^#!/), '//');","        /* jslint-ignore-end */","        local.assetsDict['/favicon.ico'] = local.assetsDict['/favicon.ico'] || '';","        // if $npm_config_timeout_exit exists,","        // then exit this process after $npm_config_timeout_exit ms","        if (Number(process.env.npm_config_timeout_exit)) {","            setTimeout(process.exit, Number(process.env.npm_config_timeout_exit));","        }","        // start server","        if (local.global.utility2_serverHttp1) {","            break;","        }","        process.env.PORT = process.env.PORT || '8081';","        console.error('server starting on port ' + process.env.PORT);","        local.http.createServer(function (request, response) {","            request.urlParsed = local.url.parse(request.url);","            if (local.assetsDict[request.urlParsed.pathname] !== undefined) {","                response.end(local.assetsDict[request.urlParsed.pathname]);","                return;","            }","            response.statusCode = 404;","            response.end();","        }).listen(process.env.PORT);","        break;","    }","}());",""],"l":{"26":1,"28":1,"33":1,"35":1,"37":1,"38":1,"39":1,"44":1,"51":1,"55":1,"59":1,"61":1,"69":1,"70":1,"76":1,"79":1,"82":1,"83":1,"85":1,"89":1,"92":1,"93":1,"94":1,"96":1,"97":1,"100":1,"101":1,"103":1,"106":1,"108":1,"114":1,"116":1,"118":1,"123":1,"124":1,"125":1,"126":1,"127":1,"128":1,"129":1,"130":1,"133":1,"134":1,"139":1,"143":1,"144":1,"145":1,"149":1,"150":1,"158":1,"160":1,"161":1,"162":1,"164":1,"166":1,"258":1,"259":1,"271":1,"274":6,"275":6,"277":1,"279":2,"281":1,"283":2,"288":1,"289":1,"291":1,"296":1,"303":1,"306":1,"307":1,"310":1,"311":1,"313":1,"314":1,"315":1,"316":1,"317":1,"318":1,"319":1,"321":1,"322":1,"324":1}},"/home/travis/build/npmtest/node-npmtest-gsm-modem/node_modules/gsm-modem/index.js":{"path":"/home/travis/build/npmtest/node-npmtest-gsm-modem/node_modules/gsm-modem/index.js","s":{"1":2,"2":0,"3":0,"4":0,"5":0,"6":0,"7":1,"8":0,"9":0,"10":0,"11":0,"12":0,"13":0,"14":0,"15":0,"16":0,"17":0,"18":0,"19":0,"20":0,"21":0,"22":0,"23":0,"24":0,"25":0,"26":1,"27":0,"28":0,"29":1,"30":0,"31":0,"32":0,"33":0,"34":0,"35":0,"36":0,"37":0,"38":0,"39":0,"40":0,"41":0,"42":0,"43":0,"44":0,"45":0,"46":0,"47":0,"48":0,"49":0,"50":0,"51":0,"52":0,"53":0,"54":0,"55":0,"56":0,"57":0,"58":0,"59":0,"60":0,"61":0,"62":0,"63":0,"64":0,"65":0,"66":0,"67":0,"68":0,"69":0,"70":0,"71":0,"72":0,"73":0,"74":0,"75":0,"76":0,"77":0,"78":0,"79":0,"80":0,"81":0,"82":0,"83":0,"84":0,"85":0,"86":0,"87":0,"88":0,"89":0,"90":0,"91":0,"92":0,"93":0,"94":0,"95":0,"96":0,"97":0,"98":0,"99":0,"100":0,"101":0,"102":0,"103":0,"104":0,"105":0,"106":0,"107":0,"108":0,"109":0,"110":0,"111":0,"112":0,"113":0,"114":0,"115":0,"116":0,"117":0,"118":0,"119":0,"120":0,"121":0,"122":0,"123":0,"124":0,"125":0,"126":0,"127":0,"128":0,"129":0,"130":0,"131":0,"132":0,"133":0,"134":0,"135":0,"136":0,"137":0,"138":0,"139":0,"140":0,"141":0,"142":0,"143":0,"144":0,"145":0,"146":0,"147":0,"148":0,"149":0,"150":0,"151":0,"152":0,"153":0,"154":0,"155":0,"156":0,"157":0,"158":0,"159":0,"160":0,"161":0,"162":0,"163":0,"164":0,"165":0,"166":0,"167":0,"168":0,"169":0,"170":0,"171":0,"172":0,"173":0,"174":0,"175":0,"176":0,"177":0,"178":0,"179":0,"180":0,"181":0,"182":0,"183":0,"184":0,"185":0,"186":0,"187":0,"188":0,"189":0,"190":0,"191":0,"192":0,"193":0,"194":0,"195":0,"196":0,"197":0,"198":0,"199":0,"200":0,"201":0,"202":0,"203":0,"204":0,"205":0,"206":0,"207":0,"208":0,"209":0,"210":0,"211":0,"212":0,"213":0,"214":0,"215":0,"216":0,"217":0,"218":0,"219":0,"220":0,"221":0,"222":0,"223":0,"224":0,"225":0,"226":0,"227":0,"228":0,"229":0,"230":0,"231":0,"232":0,"233":0,"234":0,"235":0,"236":0,"237":0,"238":0,"239":0,"240":0,"241":0,"242":0,"243":0,"244":0,"245":0,"246":0,"247":0,"248":0,"249":0,"250":0,"251":0,"252":0,"253":0,"254":0,"255":0,"256":0,"257":0,"258":0,"259":0,"260":0,"261":0,"262":0,"263":0,"264":0,"265":0,"266":0,"267":0,"268":0,"269":0,"270":0,"271":0,"272":0,"273":0,"274":0,"275":0,"276":0,"277":0,"278":0,"279":0,"280":0,"281":0,"282":0,"283":0,"284":0,"285":0,"286":0,"287":0,"288":0,"289":0,"290":0,"291":0,"292":0,"293":0,"294":0,"295":0,"296":0,"297":0,"298":0,"299":0,"300":0,"301":0,"302":0,"303":0,"304":0,"305":0,"306":0,"307":0,"308":0,"309":0,"310":0,"311":0,"312":0,"313":0,"314":0,"315":0,"316":0,"317":0,"318":0,"319":0,"320":0,"321":0,"322":0,"323":0,"324":0,"325":0,"326":0,"327":0,"328":0,"329":0,"330":0,"331":0,"332":0,"333":0,"334":0,"335":0,"336":0,"337":0,"338":0,"339":0,"340":0,"341":0,"342":0,"343":0,"344":0,"345":0,"346":0,"347":0,"348":0,"349":0,"350":0,"351":0,"352":0,"353":0,"354":0,"355":0,"356":0,"357":0,"358":0,"359":0,"360":0,"361":0,"362":0,"363":0,"364":0,"365":0,"366":0,"367":0,"368":0,"369":0,"370":0,"371":0,"372":0,"373":0,"374":0,"375":0,"376":0,"377":0,"378":0,"379":0,"380":0,"381":0,"382":0,"383":0,"384":0,"385":0,"386":0,"387":0,"388":0,"389":0,"390":0,"391":0,"392":0,"393":0,"394":0,"395":0,"396":0,"397":0,"398":0,"399":0,"400":0,"401":0,"402":0,"403":0,"404":0,"405":0,"406":0,"407":0,"408":0,"409":0,"410":0,"411":0,"412":0,"413":0,"414":0,"415":0,"416":0,"417":0,"418":0,"419":0,"420":0,"421":0,"422":0,"423":0,"424":0,"425":0,"426":0,"427":0,"428":0,"429":0,"430":0,"431":0,"432":0,"433":0,"434":0,"435":0,"436":0,"437":0,"438":0,"439":0,"440":0,"441":0,"442":0,"443":0,"444":0,"445":0,"446":0,"447":0,"448":0,"449":0,"450":0,"451":0,"452":0,"453":0,"454":0,"455":0,"456":0,"457":0,"458":0,"459":0,"460":0,"461":0,"462":0,"463":0,"464":0,"465":0,"466":0,"467":0,"468":0,"469":0,"470":0,"471":0,"472":0,"473":0,"474":0,"475":0,"476":0,"477":0,"478":0,"479":0,"480":0,"481":0,"482":0,"483":0,"484":0,"485":0,"486":0,"487":0,"488":0,"489":0,"490":0,"491":0,"492":0,"493":0,"494":0,"495":0,"496":0,"497":1,"498":0,"499":0,"500":0,"501":0,"502":0,"503":0,"504":0,"505":0,"506":0,"507":0,"508":0,"509":0,"510":0,"511":0,"512":0,"513":0,"514":0,"515":0,"516":0,"517":0,"518":0,"519":0,"520":0,"521":0,"522":0,"523":0,"524":0,"525":0,"526":0,"527":0,"528":0,"529":0,"530":0,"531":0,"532":0,"533":0,"534":0,"535":0,"536":0,"537":0,"538":0,"539":0,"540":0,"541":0,"542":0,"543":0,"544":0,"545":0,"546":0,"547":0,"548":0,"549":0,"550":0,"551":0,"552":0,"553":0,"554":0,"555":0,"556":0,"557":0,"558":0,"559":0,"560":0,"561":0,"562":0,"563":0,"564":0,"565":0,"566":0,"567":0,"568":0,"569":0,"570":0,"571":0,"572":0,"573":0,"574":0,"575":0,"576":0,"577":0,"578":0,"579":0,"580":0,"581":0,"582":0,"583":0,"584":0,"585":0,"586":0,"587":0,"588":0,"589":0,"590":0,"591":0,"592":0,"593":0,"594":0,"595":0,"596":0,"597":0,"598":0,"599":0,"600":0,"601":0,"602":0,"603":0,"604":0,"605":0,"606":0,"607":0,"608":0,"609":0,"610":0,"611":0,"612":0,"613":0,"614":0,"615":0,"616":0,"617":0,"618":0,"619":0,"620":0,"621":0,"622":0,"623":0,"624":0,"625":0,"626":0,"627":0,"628":0,"629":0,"630":0,"631":0,"632":0,"633":0,"634":0,"635":0,"636":0,"637":0,"638":0,"639":0,"640":0,"641":0,"642":0,"643":0,"644":0,"645":0,"646":0,"647":0,"648":0,"649":0,"650":0,"651":0,"652":0,"653":0,"654":0,"655":0,"656":0,"657":0,"658":0,"659":0,"660":0,"661":0,"662":0,"663":0,"664":0,"665":0,"666":0,"667":0,"668":0},"b":{"1":[0,0],"2":[0,0],"3":[0,0],"4":[0,0],"5":[0,0],"6":[0,0],"7":[0,0],"8":[0,0],"9":[0,0],"10":[0,0],"11":[0,0],"12":[0,0],"13":[0,0],"14":[0,0],"15":[0,0],"16":[0,0],"17":[0,0],"18":[0,0],"19":[0,0],"20":[0,0],"21":[0,0],"22":[0,0],"23":[0,0],"24":[0,0],"25":[0,0],"26":[0,0],"27":[0,0],"28":[0,0],"29":[0,0],"30":[0,0],"31":[0,0],"32":[0,0],"33":[0,0],"34":[0,0],"35":[0,0],"36":[0,0],"37":[0,0],"38":[0,0],"39":[0,0],"40":[0,0],"41":[0,0],"42":[0,0],"43":[0,0],"44":[0,0],"45":[0,0],"46":[0,0],"47":[0,0],"48":[0,0],"49":[0,0],"50":[0,0],"51":[0,0],"52":[0,0],"53":[0,0],"54":[0,0],"55":[0,0],"56":[0,0],"57":[0,0],"58":[0,0],"59":[0,0],"60":[0,0],"61":[0,0],"62":[0,0],"63":[0,0],"64":[0,0,0],"65":[0,0],"66":[0,0],"67":[0,0],"68":[0,0],"69":[0,0],"70":[0,0],"71":[0,0],"72":[0,0],"73":[0,0],"74":[0,0],"75":[0,0],"76":[0,0],"77":[0,0],"78":[0,0],"79":[0,0],"80":[0,0],"81":[0,0],"82":[0,0],"83":[0,0],"84":[0,0],"85":[0,0],"86":[0,0],"87":[0,0],"88":[0,0],"89":[0,0],"90":[0,0],"91":[0,0],"92":[0,0],"93":[0,0],"94":[0,0],"95":[0,0],"96":[0,0],"97":[0,0],"98":[0,0],"99":[0,0],"100":[0,0],"101":[0,0],"102":[0,0],"103":[0,0],"104":[0,0],"105":[0,0],"106":[0,0],"107":[0,0],"108":[0,0],"109":[0,0],"110":[0,0],"111":[0,0],"112":[0,0],"113":[0,0],"114":[0,0],"115":[0,0],"116":[0,0],"117":[0,0],"118":[0,0],"119":[0,0],"120":[0,0],"121":[0,0],"122":[0,0],"123":[0,0],"124":[0,0],"125":[0,0],"126":[0,0],"127":[0,0],"128":[0,0],"129":[0,0],"130":[0,0],"131":[0,0],"132":[0,0],"133":[0,0],"134":[0,0],"135":[0,0],"136":[0,0],"137":[0,0],"138":[0,0],"139":[0,0],"140":[0,0],"141":[0,0],"142":[0,0],"143":[0,0],"144":[0,0],"145":[0,0],"146":[0,0],"147":[0,0],"148":[0,0],"149":[0,0],"150":[0,0],"151":[0,0],"152":[0,0],"153":[0,0],"154":[0,0],"155":[0,0],"156":[0,0],"157":[0,0],"158":[0,0],"159":[0,0],"160":[0,0],"161":[0,0],"162":[0,0],"163":[0,0],"164":[0,0],"165":[0,0],"166":[0,0],"167":[0,0],"168":[0,0],"169":[0,0],"170":[0,0],"171":[0,0],"172":[0,0],"173":[0,0],"174":[0,0],"175":[0,0],"176":[0,0],"177":[0,0],"178":[0,0],"179":[0,0],"180":[0,0],"181":[0,0],"182":[0,0],"183":[0,0],"184":[0,0],"185":[0,0],"186":[0,0],"187":[0,0],"188":[0,0],"189":[0,0],"190":[0,0],"191":[0,0],"192":[0,0],"193":[0,0],"194":[0,0],"195":[0,0],"196":[0,0],"197":[0,0],"198":[0,0],"199":[0,0]},"f":{"1":0,"2":0,"3":0,"4":0,"5":0,"6":0,"7":0,"8":0,"9":0,"10":0,"11":0,"12":0,"13":0,"14":0,"15":0,"16":0,"17":0,"18":0,"19":0,"20":0,"21":0,"22":0,"23":0,"24":0,"25":0,"26":0,"27":0,"28":0,"29":0,"30":0,"31":0,"32":0,"33":0,"34":0,"35":0,"36":0,"37":0,"38":0,"39":0,"40":0,"41":0,"42":0,"43":0,"44":0,"45":0,"46":0,"47":0,"48":0,"49":0,"50":0,"51":0,"52":0,"53":0,"54":0,"55":0,"56":0,"57":0,"58":0,"59":0,"60":0,"61":0,"62":0,"63":0,"64":0,"65":0,"66":0,"67":0,"68":0,"69":0,"70":0,"71":0,"72":0,"73":0,"74":0,"75":0,"76":0,"77":0,"78":0,"79":0,"80":0,"81":0,"82":0,"83":0,"84":0,"85":0,"86":0,"87":0,"88":0,"89":0,"90":0,"91":0,"92":0,"93":0,"94":0,"95":0,"96":0,"97":0,"98":0,"99":0,"100":0,"101":0,"102":0,"103":0,"104":0},"fnMap":{"1":{"name":"HayesCommand","line":13,"loc":{"start":{"line":13,"column":0},"end":{"line":13,"column":46}}},"2":{"name":"(anonymous_2)","line":23,"loc":{"start":{"line":23,"column":18},"end":{"line":23,"column":30}}},"3":{"name":"(anonymous_3)","line":26,"loc":{"start":{"line":26,"column":20},"end":{"line":26,"column":40}}},"4":{"name":"(anonymous_4)","line":36,"loc":{"start":{"line":36,"column":20},"end":{"line":36,"column":40}}},"5":{"name":"(anonymous_5)","line":37,"loc":{"start":{"line":37,"column":30},"end":{"line":37,"column":42}}},"6":{"name":"isGSMAlphabet","line":48,"loc":{"start":{"line":48,"column":0},"end":{"line":48,"column":29}}},"7":{"name":"Modem","line":69,"loc":{"start":{"line":69,"column":0},"end":{"line":69,"column":21}}},"8":{"name":"(anonymous_8)","line":120,"loc":{"start":{"line":120,"column":28},"end":{"line":120,"column":40}}},"9":{"name":"(anonymous_9)","line":140,"loc":{"start":{"line":140,"column":26},"end":{"line":140,"column":40}}},"10":{"name":"(anonymous_10)","line":150,"loc":{"start":{"line":150,"column":30},"end":{"line":150,"column":50}}},"11":{"name":"(anonymous_11)","line":156,"loc":{"start":{"line":156,"column":24},"end":{"line":156,"column":36}}},"12":{"name":"(anonymous_12)","line":157,"loc":{"start":{"line":157,"column":29},"end":{"line":157,"column":44}}},"13":{"name":"(anonymous_13)","line":163,"loc":{"start":{"line":163,"column":32},"end":{"line":163,"column":44}}},"14":{"name":"(anonymous_14)","line":169,"loc":{"start":{"line":169,"column":15},"end":{"line":169,"column":31}}},"15":{"name":"(anonymous_15)","line":186,"loc":{"start":{"line":186,"column":25},"end":{"line":186,"column":40}}},"16":{"name":"(anonymous_16)","line":203,"loc":{"start":{"line":203,"column":34},"end":{"line":203,"column":64}}},"17":{"name":"(anonymous_17)","line":241,"loc":{"start":{"line":241,"column":43},"end":{"line":241,"column":54}}},"18":{"name":"(anonymous_18)","line":255,"loc":{"start":{"line":255,"column":34},"end":{"line":255,"column":49}}},"19":{"name":"(anonymous_19)","line":260,"loc":{"start":{"line":260,"column":35},"end":{"line":260,"column":47}}},"20":{"name":"(anonymous_20)","line":274,"loc":{"start":{"line":274,"column":24},"end":{"line":274,"column":38}}},"21":{"name":"(anonymous_21)","line":290,"loc":{"start":{"line":290,"column":30},"end":{"line":290,"column":41}}},"22":{"name":"(anonymous_22)","line":300,"loc":{"start":{"line":300,"column":26},"end":{"line":300,"column":40}}},"23":{"name":"(anonymous_23)","line":316,"loc":{"start":{"line":316,"column":30},"end":{"line":316,"column":58}}},"24":{"name":"(anonymous_24)","line":322,"loc":{"start":{"line":322,"column":23},"end":{"line":322,"column":35}}},"25":{"name":"(anonymous_25)","line":340,"loc":{"start":{"line":340,"column":27},"end":{"line":340,"column":39}}},"26":{"name":"(anonymous_26)","line":347,"loc":{"start":{"line":347,"column":41},"end":{"line":347,"column":53}}},"27":{"name":"(anonymous_27)","line":359,"loc":{"start":{"line":359,"column":34},"end":{"line":359,"column":49}}},"28":{"name":"(anonymous_28)","line":364,"loc":{"start":{"line":364,"column":38},"end":{"line":364,"column":53}}},"29":{"name":"(anonymous_29)","line":374,"loc":{"start":{"line":374,"column":25},"end":{"line":374,"column":55}}},"30":{"name":"(anonymous_30)","line":440,"loc":{"start":{"line":440,"column":37},"end":{"line":440,"column":53}}},"31":{"name":"(anonymous_31)","line":454,"loc":{"start":{"line":454,"column":34},"end":{"line":454,"column":54}}},"32":{"name":"(anonymous_32)","line":456,"loc":{"start":{"line":456,"column":32},"end":{"line":456,"column":47}}},"33":{"name":"(anonymous_33)","line":505,"loc":{"start":{"line":505,"column":34},"end":{"line":505,"column":54}}},"34":{"name":"(anonymous_34)","line":507,"loc":{"start":{"line":507,"column":32},"end":{"line":507,"column":47}}},"35":{"name":"(anonymous_35)","line":528,"loc":{"start":{"line":528,"column":55},"end":{"line":528,"column":70}}},"36":{"name":"(anonymous_36)","line":531,"loc":{"start":{"line":531,"column":38},"end":{"line":531,"column":56}}},"37":{"name":"(anonymous_37)","line":596,"loc":{"start":{"line":596,"column":33},"end":{"line":596,"column":47}}},"38":{"name":"(anonymous_38)","line":602,"loc":{"start":{"line":602,"column":40},"end":{"line":602,"column":61}}},"39":{"name":"(anonymous_39)","line":612,"loc":{"start":{"line":612,"column":29},"end":{"line":612,"column":58}}},"40":{"name":"(anonymous_40)","line":619,"loc":{"start":{"line":619,"column":25},"end":{"line":619,"column":50}}},"41":{"name":"(anonymous_41)","line":629,"loc":{"start":{"line":629,"column":98},"end":{"line":629,"column":113}}},"42":{"name":"(anonymous_42)","line":631,"loc":{"start":{"line":631,"column":45},"end":{"line":631,"column":70}}},"43":{"name":"(anonymous_43)","line":650,"loc":{"start":{"line":650,"column":45},"end":{"line":650,"column":57}}},"44":{"name":"(anonymous_44)","line":652,"loc":{"start":{"line":652,"column":31},"end":{"line":652,"column":47}}},"45":{"name":"(anonymous_45)","line":662,"loc":{"start":{"line":662,"column":30},"end":{"line":662,"column":54}}},"46":{"name":"(anonymous_46)","line":664,"loc":{"start":{"line":664,"column":65},"end":{"line":664,"column":81}}},"47":{"name":"(anonymous_47)","line":676,"loc":{"start":{"line":676,"column":30},"end":{"line":676,"column":51}}},"48":{"name":"(anonymous_48)","line":678,"loc":{"start":{"line":678,"column":48},"end":{"line":678,"column":64}}},"49":{"name":"(anonymous_49)","line":690,"loc":{"start":{"line":690,"column":31},"end":{"line":690,"column":45}}},"50":{"name":"(anonymous_50)","line":692,"loc":{"start":{"line":692,"column":31},"end":{"line":692,"column":47}}},"51":{"name":"(anonymous_51)","line":707,"loc":{"start":{"line":707,"column":28},"end":{"line":707,"column":42}}},"52":{"name":"(anonymous_52)","line":714,"loc":{"start":{"line":714,"column":41},"end":{"line":714,"column":64}}},"53":{"name":"(anonymous_53)","line":716,"loc":{"start":{"line":716,"column":31},"end":{"line":716,"column":46}}},"54":{"name":"(anonymous_54)","line":723,"loc":{"start":{"line":723,"column":65},"end":{"line":723,"column":81}}},"55":{"name":"(anonymous_55)","line":756,"loc":{"start":{"line":756,"column":44},"end":{"line":756,"column":58}}},"56":{"name":"(anonymous_56)","line":757,"loc":{"start":{"line":757,"column":31},"end":{"line":757,"column":47}}},"57":{"name":"(anonymous_57)","line":790,"loc":{"start":{"line":790,"column":34},"end":{"line":790,"column":57}}},"58":{"name":"(anonymous_58)","line":792,"loc":{"start":{"line":792,"column":19},"end":{"line":792,"column":44}}},"59":{"name":"(anonymous_59)","line":812,"loc":{"start":{"line":812,"column":30},"end":{"line":812,"column":44}}},"60":{"name":"(anonymous_60)","line":813,"loc":{"start":{"line":813,"column":32},"end":{"line":813,"column":48}}},"61":{"name":"(anonymous_61)","line":836,"loc":{"start":{"line":836,"column":33},"end":{"line":836,"column":56}}},"62":{"name":"(anonymous_62)","line":838,"loc":{"start":{"line":838,"column":48},"end":{"line":838,"column":64}}},"63":{"name":"(anonymous_63)","line":852,"loc":{"start":{"line":852,"column":40},"end":{"line":852,"column":69}}},"64":{"name":"(anonymous_64)","line":855,"loc":{"start":{"line":855,"column":68},"end":{"line":855,"column":84}}},"65":{"name":"(anonymous_65)","line":871,"loc":{"start":{"line":871,"column":25},"end":{"line":871,"column":52}}},"66":{"name":"(anonymous_66)","line":873,"loc":{"start":{"line":873,"column":20},"end":{"line":873,"column":32}}},"67":{"name":"(anonymous_67)","line":874,"loc":{"start":{"line":874,"column":38},"end":{"line":874,"column":54}}},"68":{"name":"(anonymous_68)","line":895,"loc":{"start":{"line":895,"column":33},"end":{"line":895,"column":48}}},"69":{"name":"PartsSendQueue","line":907,"loc":{"start":{"line":907,"column":0},"end":{"line":907,"column":42}}},"70":{"name":"(anonymous_70)","line":918,"loc":{"start":{"line":918,"column":18},"end":{"line":918,"column":30}}},"71":{"name":"(anonymous_71)","line":930,"loc":{"start":{"line":930,"column":16},"end":{"line":930,"column":32}}},"72":{"name":"(anonymous_72)","line":958,"loc":{"start":{"line":958,"column":26},"end":{"line":958,"column":49}}},"73":{"name":"(anonymous_73)","line":994,"loc":{"start":{"line":994,"column":31},"end":{"line":994,"column":45}}},"74":{"name":"(anonymous_74)","line":995,"loc":{"start":{"line":995,"column":34},"end":{"line":995,"column":50}}},"75":{"name":"(anonymous_75)","line":1008,"loc":{"start":{"line":1008,"column":28},"end":{"line":1008,"column":49}}},"76":{"name":"(anonymous_76)","line":1009,"loc":{"start":{"line":1009,"column":39},"end":{"line":1009,"column":55}}},"77":{"name":"(anonymous_77)","line":1022,"loc":{"start":{"line":1022,"column":35},"end":{"line":1022,"column":49}}},"78":{"name":"(anonymous_78)","line":1026,"loc":{"start":{"line":1026,"column":18},"end":{"line":1026,"column":44}}},"79":{"name":"(anonymous_79)","line":1031,"loc":{"start":{"line":1031,"column":28},"end":{"line":1031,"column":43}}},"80":{"name":"(anonymous_80)","line":1034,"loc":{"start":{"line":1034,"column":27},"end":{"line":1034,"column":39}}},"81":{"name":"(anonymous_81)","line":1045,"loc":{"start":{"line":1045,"column":28},"end":{"line":1045,"column":43}}},"82":{"name":"(anonymous_82)","line":1049,"loc":{"start":{"line":1049,"column":37},"end":{"line":1049,"column":62}}},"83":{"name":"(anonymous_83)","line":1064,"loc":{"start":{"line":1064,"column":26},"end":{"line":1064,"column":46}}},"84":{"name":"(anonymous_84)","line":1068,"loc":{"start":{"line":1068,"column":50},"end":{"line":1068,"column":66}}},"85":{"name":"(anonymous_85)","line":1071,"loc":{"start":{"line":1071,"column":24},"end":{"line":1071,"column":53}}},"86":{"name":"(anonymous_86)","line":1090,"loc":{"start":{"line":1090,"column":17},"end":{"line":1090,"column":29}}},"87":{"name":"(anonymous_87)","line":1102,"loc":{"start":{"line":1102,"column":26},"end":{"line":1102,"column":40}}},"88":{"name":"(anonymous_88)","line":1104,"loc":{"start":{"line":1104,"column":30},"end":{"line":1104,"column":46}}},"89":{"name":"(anonymous_89)","line":1118,"loc":{"start":{"line":1118,"column":26},"end":{"line":1118,"column":40}}},"90":{"name":"(anonymous_90)","line":1120,"loc":{"start":{"line":1120,"column":30},"end":{"line":1120,"column":46}}},"91":{"name":"(anonymous_91)","line":1134,"loc":{"start":{"line":1134,"column":34},"end":{"line":1134,"column":48}}},"92":{"name":"(anonymous_92)","line":1136,"loc":{"start":{"line":1136,"column":30},"end":{"line":1136,"column":46}}},"93":{"name":"(anonymous_93)","line":1149,"loc":{"start":{"line":1149,"column":27},"end":{"line":1149,"column":41}}},"94":{"name":"(anonymous_94)","line":1151,"loc":{"start":{"line":1151,"column":30},"end":{"line":1151,"column":46}}},"95":{"name":"(anonymous_95)","line":1166,"loc":{"start":{"line":1166,"column":30},"end":{"line":1166,"column":50}}},"96":{"name":"(anonymous_96)","line":1168,"loc":{"start":{"line":1168,"column":66},"end":{"line":1168,"column":86}}},"97":{"name":"(anonymous_97)","line":1183,"loc":{"start":{"line":1183,"column":41},"end":{"line":1183,"column":55}}},"98":{"name":"(anonymous_98)","line":1185,"loc":{"start":{"line":1185,"column":32},"end":{"line":1185,"column":48}}},"99":{"name":"(anonymous_99)","line":1200,"loc":{"start":{"line":1200,"column":34},"end":{"line":1200,"column":53}}},"100":{"name":"(anonymous_100)","line":1202,"loc":{"start":{"line":1202,"column":51},"end":{"line":1202,"column":67}}},"101":{"name":"(anonymous_101)","line":1214,"loc":{"start":{"line":1214,"column":36},"end":{"line":1214,"column":50}}},"102":{"name":"(anonymous_102)","line":1216,"loc":{"start":{"line":1216,"column":29},"end":{"line":1216,"column":45}}},"103":{"name":"(anonymous_103)","line":1251,"loc":{"start":{"line":1251,"column":34},"end":{"line":1251,"column":53}}},"104":{"name":"(anonymous_104)","line":1252,"loc":{"start":{"line":1252,"column":24},"end":{"line":1252,"column":40}}}},"statementMap":{"1":{"start":{"line":1,"column":0},"end":{"line":1,"column":50}},"2":{"start":{"line":2,"column":0},"end":{"line":2,"column":44}},"3":{"start":{"line":3,"column":0},"end":{"line":3,"column":27}},"4":{"start":{"line":4,"column":0},"end":{"line":4,"column":50}},"5":{"start":{"line":5,"column":0},"end":{"line":5,"column":27}},"6":{"start":{"line":6,"column":0},"end":{"line":6,"column":29}},"7":{"start":{"line":13,"column":0},"end":{"line":42,"column":1}},"8":{"start":{"line":15,"column":2},"end":{"line":15,"column":26}},"9":{"start":{"line":16,"column":2},"end":{"line":16,"column":23}},"10":{"start":{"line":17,"column":2},"end":{"line":17,"column":20}},"11":{"start":{"line":18,"column":2},"end":{"line":18,"column":27}},"12":{"start":{"line":19,"column":2},"end":{"line":19,"column":26}},"13":{"start":{"line":21,"column":2},"end":{"line":21,"column":22}},"14":{"start":{"line":23,"column":2},"end":{"line":25,"column":4}},"15":{"start":{"line":24,"column":4},"end":{"line":24,"column":27}},"16":{"start":{"line":26,"column":2},"end":{"line":34,"column":4}},"17":{"start":{"line":27,"column":4},"end":{"line":27,"column":31}},"18":{"start":{"line":28,"column":4},"end":{"line":33,"column":5}},"19":{"start":{"line":29,"column":6},"end":{"line":29,"column":31}},"20":{"start":{"line":30,"column":6},"end":{"line":32,"column":7}},"21":{"start":{"line":31,"column":8},"end":{"line":31,"column":32}},"22":{"start":{"line":36,"column":2},"end":{"line":41,"column":4}},"23":{"start":{"line":37,"column":4},"end":{"line":40,"column":24}},"24":{"start":{"line":38,"column":6},"end":{"line":38,"column":40}},"25":{"start":{"line":39,"column":6},"end":{"line":39,"column":11}},"26":{"start":{"line":48,"column":0},"end":{"line":52,"column":1}},"27":{"start":{"line":50,"column":2},"end":{"line":50,"column":132}},"28":{"start":{"line":51,"column":2},"end":{"line":51,"column":27}},"29":{"start":{"line":69,"column":0},"end":{"line":113,"column":1}},"30":{"start":{"line":72,"column":2},"end":{"line":72,"column":26}},"31":{"start":{"line":74,"column":2},"end":{"line":74,"column":18}},"32":{"start":{"line":75,"column":2},"end":{"line":77,"column":3}},"33":{"start":{"line":76,"column":4},"end":{"line":76,"column":31}},"34":{"start":{"line":78,"column":2},"end":{"line":80,"column":3}},"35":{"start":{"line":79,"column":4},"end":{"line":79,"column":38}},"36":{"start":{"line":81,"column":2},"end":{"line":86,"column":3}},"37":{"start":{"line":82,"column":4},"end":{"line":82,"column":10}},"38":{"start":{"line":83,"column":4},"end":{"line":85,"column":5}},"39":{"start":{"line":84,"column":6},"end":{"line":84,"column":37}},"40":{"start":{"line":88,"column":2},"end":{"line":91,"column":3}},"41":{"start":{"line":89,"column":4},"end":{"line":89,"column":41}},"42":{"start":{"line":90,"column":4},"end":{"line":90,"column":16}},"43":{"start":{"line":94,"column":2},"end":{"line":94,"column":46}},"44":{"start":{"line":96,"column":2},"end":{"line":96,"column":47}},"45":{"start":{"line":97,"column":2},"end":{"line":97,"column":55}},"46":{"start":{"line":99,"column":2},"end":{"line":99,"column":30}},"47":{"start":{"line":101,"column":2},"end":{"line":101,"column":24}},"48":{"start":{"line":103,"column":2},"end":{"line":103,"column":34}},"49":{"start":{"line":104,"column":2},"end":{"line":106,"column":3}},"50":{"start":{"line":105,"column":6},"end":{"line":105,"column":40}},"51":{"start":{"line":108,"column":2},"end":{"line":111,"column":5}},"52":{"start":{"line":112,"column":2},"end":{"line":112,"column":19}},"53":{"start":{"line":114,"column":0},"end":{"line":114,"column":35}},"54":{"start":{"line":115,"column":0},"end":{"line":115,"column":46}},"55":{"start":{"line":120,"column":0},"end":{"line":136,"column":2}},"56":{"start":{"line":121,"column":2},"end":{"line":121,"column":22}},"57":{"start":{"line":122,"column":2},"end":{"line":122,"column":25}},"58":{"start":{"line":123,"column":2},"end":{"line":123,"column":22}},"59":{"start":{"line":124,"column":2},"end":{"line":124,"column":25}},"60":{"start":{"line":126,"column":2},"end":{"line":126,"column":24}},"61":{"start":{"line":127,"column":2},"end":{"line":127,"column":20}},"62":{"start":{"line":128,"column":2},"end":{"line":128,"column":26}},"63":{"start":{"line":129,"column":2},"end":{"line":129,"column":23}},"64":{"start":{"line":131,"column":2},"end":{"line":131,"column":24}},"65":{"start":{"line":132,"column":2},"end":{"line":132,"column":24}},"66":{"start":{"line":133,"column":2},"end":{"line":133,"column":26}},"67":{"start":{"line":134,"column":2},"end":{"line":134,"column":21}},"68":{"start":{"line":135,"column":2},"end":{"line":135,"column":32}},"69":{"start":{"line":140,"column":0},"end":{"line":146,"column":2}},"70":{"start":{"line":142,"column":2},"end":{"line":142,"column":12}},"71":{"start":{"line":143,"column":2},"end":{"line":145,"column":3}},"72":{"start":{"line":144,"column":4},"end":{"line":144,"column":40}},"73":{"start":{"line":150,"column":0},"end":{"line":196,"column":2}},"74":{"start":{"line":151,"column":2},"end":{"line":153,"column":5}},"75":{"start":{"line":155,"column":2},"end":{"line":155,"column":28}},"76":{"start":{"line":156,"column":2},"end":{"line":166,"column":16}},"77":{"start":{"line":157,"column":4},"end":{"line":162,"column":7}},"78":{"start":{"line":158,"column":6},"end":{"line":161,"column":7}},"79":{"start":{"line":159,"column":8},"end":{"line":159,"column":37}},"80":{"start":{"line":160,"column":8},"end":{"line":160,"column":49}},"81":{"start":{"line":163,"column":4},"end":{"line":165,"column":24}},"82":{"start":{"line":164,"column":6},"end":{"line":164,"column":46}},"83":{"start":{"line":168,"column":2},"end":{"line":168,"column":48}},"84":{"start":{"line":169,"column":2},"end":{"line":182,"column":4}},"85":{"start":{"line":170,"column":4},"end":{"line":170,"column":71}},"86":{"start":{"line":170,"column":47},"end":{"line":170,"column":61}},"87":{"start":{"line":170,"column":62},"end":{"line":170,"column":69}},"88":{"start":{"line":171,"column":4},"end":{"line":171,"column":30}},"89":{"start":{"line":172,"column":4},"end":{"line":172,"column":29}},"90":{"start":{"line":173,"column":4},"end":{"line":181,"column":5}},"91":{"start":{"line":174,"column":6},"end":{"line":174,"column":50}},"92":{"start":{"line":175,"column":6},"end":{"line":175,"column":55}},"93":{"start":{"line":176,"column":7},"end":{"line":176,"column":49}},"94":{"start":{"line":177,"column":6},"end":{"line":180,"column":7}},"95":{"start":{"line":178,"column":8},"end":{"line":178,"column":37}},"96":{"start":{"line":179,"column":8},"end":{"line":179,"column":48}},"97":{"start":{"line":184,"column":2},"end":{"line":184,"column":43}},"98":{"start":{"line":186,"column":2},"end":{"line":195,"column":16}},"99":{"start":{"line":187,"column":4},"end":{"line":189,"column":5}},"100":{"start":{"line":188,"column":6},"end":{"line":188,"column":63}},"101":{"start":{"line":191,"column":4},"end":{"line":193,"column":5}},"102":{"start":{"line":192,"column":6},"end":{"line":192,"column":35}},"103":{"start":{"line":194,"column":4},"end":{"line":194,"column":45}},"104":{"start":{"line":203,"column":0},"end":{"line":253,"column":2}},"105":{"start":{"line":204,"column":2},"end":{"line":204,"column":65}},"106":{"start":{"line":205,"column":2},"end":{"line":227,"column":3}},"107":{"start":{"line":206,"column":4},"end":{"line":206,"column":22}},"108":{"start":{"line":208,"column":4},"end":{"line":208,"column":25}},"109":{"start":{"line":209,"column":4},"end":{"line":209,"column":32}},"110":{"start":{"line":211,"column":4},"end":{"line":211,"column":37}},"111":{"start":{"line":212,"column":4},"end":{"line":212,"column":36}},"112":{"start":{"line":213,"column":4},"end":{"line":213,"column":54}},"113":{"start":{"line":214,"column":4},"end":{"line":214,"column":55}},"114":{"start":{"line":216,"column":4},"end":{"line":216,"column":35}},"115":{"start":{"line":217,"column":4},"end":{"line":217,"column":19}},"116":{"start":{"line":218,"column":4},"end":{"line":218,"column":27}},"117":{"start":{"line":219,"column":4},"end":{"line":219,"column":36}},"118":{"start":{"line":222,"column":6},"end":{"line":222,"column":77}},"119":{"start":{"line":223,"column":6},"end":{"line":225,"column":7}},"120":{"start":{"line":224,"column":8},"end":{"line":224,"column":29}},"121":{"start":{"line":229,"column":2},"end":{"line":252,"column":3}},"122":{"start":{"line":230,"column":4},"end":{"line":251,"column":5}},"123":{"start":{"line":231,"column":6},"end":{"line":233,"column":7}},"124":{"start":{"line":232,"column":8},"end":{"line":232,"column":48}},"125":{"start":{"line":235,"column":6},"end":{"line":235,"column":19}},"126":{"start":{"line":236,"column":6},"end":{"line":238,"column":7}},"127":{"start":{"line":237,"column":8},"end":{"line":237,"column":39}},"128":{"start":{"line":239,"column":6},"end":{"line":246,"column":7}},"129":{"start":{"line":241,"column":8},"end":{"line":245,"column":32}},"130":{"start":{"line":242,"column":10},"end":{"line":242,"column":54}},"131":{"start":{"line":243,"column":10},"end":{"line":243,"column":27}},"132":{"start":{"line":244,"column":10},"end":{"line":244,"column":27}},"133":{"start":{"line":248,"column":6},"end":{"line":248,"column":90}},"134":{"start":{"line":249,"column":6},"end":{"line":249,"column":28}},"135":{"start":{"line":250,"column":6},"end":{"line":250,"column":30}},"136":{"start":{"line":255,"column":0},"end":{"line":258,"column":2}},"137":{"start":{"line":256,"column":2},"end":{"line":256,"column":73}},"138":{"start":{"line":257,"column":2},"end":{"line":257,"column":26}},"139":{"start":{"line":260,"column":0},"en
[...]
ursor,cursor+6), 'hex');","    cursor += 6;","    var smsDeliver = parseInt(buffer[0]);","","    var smsDeliverBits = (\"00000000\"+parseInt(smsDeliver).toString(2)).slice(-8);","    var tp_mti = smsDeliverBits.slice(-2);","    obj.tpdu_type = TP_MTI_To_String (tp_mti);","","    if (tp_mti=='10'){ //SMS-STATUS-REPORT","    \treturn this.parseStatusReport (pdu.slice(cursor-6), obj);","    }","    var udhi =  smsDeliverBits.slice(1,2) === \"1\";","","    var senderSize = buffer[1];","    if(senderSize % 2 === 1)","        senderSize++;","","    obj.sender_type = parseInt(buffer[2]).toString(16);","    if (obj.sender_type === 'd0') {","        obj.sender = this.decode7Bit(pdu.slice(cursor, cursor+senderSize), Math.floor(senderSize*4/7)).trim();","    } else {","        obj.sender = pduParser.deSwapNibbles(pdu.slice(cursor, cursor+senderSize));","    }","    cursor += senderSize;","","    var protocolIdentifier = pdu.slice(cursor, cursor+2);","    cursor += 2;","","    var dataCodingScheme = pdu.slice(cursor, cursor+2);","    cursor = cursor+2;","","    obj.dcs = parseInt(dataCodingScheme, 16);","    obj.encoding = pduParser.detectEncoding(dataCodingScheme);","","","    obj.time = parseTS (pdu.slice(cursor, cursor+14));","","    cursor += 14;","","    var dataLength = parseInt(pdu.slice(cursor, cursor+2), 16).toString(10);","    cursor += 2;","","    if(udhi) { //User-Data-Header-Indicator: means there's some User-Data-Header.","        var udhLength = pdu.slice(cursor, cursor+2);","        var iei = pdu.slice(cursor+2, cursor+4);","        var headerLength, referenceNumber, parts, currentPart;","        if(iei == \"00\") { //Concatenated sms.","            headerLength = pdu.slice(cursor+4, cursor+6);","            referenceNumber = pdu.slice(cursor+6, cursor+8);","            parts = pdu.slice(cursor+8, cursor+10);","            currentPart = pdu.slice(cursor+10, cursor+12);","        }","","        if(iei == \"08\") { //Concatenaded sms with a two-bytes reference number","            headerLength = pdu.slice(cursor+4, cursor+6);","            referenceNumber = pdu.slice(cursor+6, cursor+10);","            parts = pdu.slice(cursor+10, cursor+12);","            currentPart = pdu.slice(cursor+12, cursor+14);","        }","","        /*if(iei == '00')","            cursor += (udhLength-2)*4;","        else if(iei == '08')","            cursor += ((udhLength-2)*4)+2;","        else","            cursor += (udhLength-2)*2;*/","        cursor = cursor + (parseInt(udhLength, 16) + 1) * 2;","    }","    if(obj.encoding === '16bit')","        var text = pduParser.decode16Bit(pdu.slice(cursor), dataLength);","    else if(obj.encoding === '7bit')","        if (udhi && iei=='00') var text = pduParser.decode7Bit(pdu.slice(cursor), dataLength-7, 1); //If iei ==0, then there is some unpadding to do","        else if (udhi && iei=='08') var text = pduParser.decode7Bit(pdu.slice(cursor), dataLength-8); //If no udhi or iei = 08 then no unpadding to do","        else var text = pduParser.decode7Bit(pdu.slice(cursor), dataLength);","    else if(obj.encoding === '8bit')","        var text = ''; //TODO","","    obj.text = text;","","    if(udhi) {","        obj['udh'] = {","            'length' : udhLength,","            'iei' : iei,","        };","","        if(iei == '00' || iei == '08') {","            obj['udh']['reference_number'] = referenceNumber;","            obj['udh']['parts'] = parseInt(parts);","            obj['udh']['current_part'] = parseInt(currentPart);","        }","    }","","    return obj;","}","","pduParser.detectEncoding = function(dataCodingScheme) {","    if (typeof dataCodingScheme === 'string') dataCodingScheme = parseInt(dataCodingScheme, 16);","    var binary = ('00000000'+(dataCodingScheme.toString(2))).slice(-8);","    if(binary == '00000000')","        return '7bit';","","    // if(binary.slice(0, 2) === '00') {","        var compressed = binary.slice(2, 1) === '1';","        var bitsHaveMeaning = binary.slice(3, 1) === '1';","","        if(binary.slice(4,6) === '00')","            return '7bit';","","        if(binary.slice(4,6) === '01')","            return '8bit';","","        if(binary.slice(4,6) === '10')","            return '16bit';","    // }","}","","pduParser.decode16Bit = function(data, length) {","    //We are getting ucs2 characters.","    var ucs2 = '';","    for(var i = 0;i<=data.length-1;i=i+4) {","        ucs2 += String.fromCharCode(\"0x\"+data[i]+data[i+1]+data[i+2]+data[i+3]);","    }","","    return ucs2;","}","","pduParser.deSwapNibbles = function(nibbles) {","    var out = '';","    for(var i = 0; i< nibbles.length; i=i+2) {","        if(nibbles[i] === 'F') //Dont consider trailing F.","            out += parseInt(nibbles[i+1], 16).toString(10);","        else","            out += parseInt(nibbles[i+1], 16).toString(10)+parseInt(nibbles[i], 16).toString(10);","    }","    return out;","}","","pduParser.decode7Bit = function(code, length, unPadding) {","    //We are getting 'septeps'. We should decode them.","    var binary = '';","    for(var i = 0; i<code.length;i++)","        binary += ('0000'+parseInt(code.slice(i,i+1), 16).toString(2)).slice(-4);","","    //This step is for 'unpadding' the padded data. If it has been encoded with 1 bit padding as it","    //happens when the sender used a 7-bit message concatenation (cf http://mobiletidings.com/2009/02/18/combining-sms-messages/)","    if (unPadding){","        var binary2 = '';","        binary = binary + '00000000';","        for (var i=0; i<binary.length/8 - 1 ; i++)","        {","            binary2 += (binary.slice((i+1)*8+(8-unPadding), (i+2)*8) + binary.slice(i*8,i*8+(8-unPadding)));","        }","        binary = binary2;","    }","","    var bin = Array();","    var cursor = 0;","    var fromPrevious = '';","    var i = 0;","    while(binary[i]) {","        var remaining = 7 - fromPrevious.length;","        var toNext = 8 - remaining;","        bin[i] = binary.slice(cursor+toNext, cursor+toNext+remaining) + fromPrevious;","        var fromPrevious = binary.slice(cursor, cursor+toNext);","        if(toNext === 8)","            fromPrevious = '';","        else","            cursor += 8;","        i++;","    }","","    var ascii = '';","    var esc = false; //last character was a ESC","    for(var i=0; i<length; i++){","        var codeNum = parseInt(bin[i], 2);","        if (codeNum == 0x1B){","            esc = true;","            continue;","        }","        if (esc)","            ascii += sevenBitEsc[codeNum];","        else","            ascii += sevenBitDefault[codeNum];","        esc = false;","    }","    return ascii;","}","","pduParser.encode7Bit = function(inTextNumberArray, paddingBits)","{","    //as explained here http://mobiletidings.com/2009/07/06/how-to-pack-gsm7-into-septets/","    var paddingBits = paddingBits || 0;","    var bits = 0;","    var out = \"\";","","    if(paddingBits)","        {","            bits = 7 - paddingBits;","            var octet = (inTextNumberArray[0] << (7 - bits)) % 256","            out += ('00' + octet.toString(16)).slice(-2);","            bits++;","        }","","    for(var i = 0; i < inTextNumberArray.length; i++ )","    {","        if( bits == 7 )","        {","            bits = 0;","            continue;","        }","        var octet = (inTextNumberArray[i] & 0x7f) >> bits;","        if( i < inTextNumberArray.length - 1 )","            {octet |= (inTextNumberArray[i + 1] << (7 - bits))%256;}","        out += ('00' + octet.toString(16)).slice(-2);","        bits++;","    }","    return out;","}","","pduParser.encode16Bit = function(inTextNumberArray) {","    var out = '';","    for(var i = 0; i<inTextNumberArray.length;i++) {","        out += ('0000'+(inTextNumberArray[i].toString(16))).slice(-4);","    }","    return out;","}","","pduParser.messageToNumberArray = function(message) //sp","{","    //7bit GSM encoding according to GSM_03.38 character set http://en.wikipedia.org/wiki/GSM_03.38","    res = [];","    for (var k=0; k<message.text.length; k++)","    {","        if (message.encoding == '7bit'){","            var character = message.text[k];","            for(var i=0;i<sevenBitDefault.length;i++)","            {","                if(sevenBitDefault[i] == character)","                    res.push(i);","                if (sevenBitEsc[i] == character){","                    res.push(0x1B); //escape character","                    res.push(i);","                }","            }","        }","        else if (message.encoding == '16bit')","            res.push(message.text.charCodeAt(k));","    }","    return res;","};","","/**"," * Encodes message into PDU format"," * http://www.developershome.com/sms/cmgsCommand4.asp"," * Possible message values:"," *  smsc - SMS center to use (MSISDN) (default:use modem's default SMSC)"," *  smsc_type - SMS center type (0x81 for international and local, 0x91 for international format only) (default:0x81)"," *  receiver - Receiver of the SMS message"," *  receiver_type - type of the receiver's MSISDN (same as smsc_type) (default:0x81)"," *  text - text of the short message"," *  encoding - '7bit' or '16bit' (UCS-2)"," *  request_status - boolean, true to request delivery status"," */","pduParser.generate = function(message) {","    var smsc = '';","    var smscPartLength = 0;","","\tif (message.smsc!==undefined){","        if (message.smsc_type!==undefined && (message.smsc_type==0x81 || message.smsc_type==0x91)){","            smsc += message.smsc_type.toString (16);","        } else {","            smsc += '81';","        }","        smsc += this.swapNibbles(message.smsc);","        var smsc_length = octetLength(smsc);","        smsc = smsc_length + smsc;","    } else {","        smsc = '00';","    }","    var pdu = smsc;","    smscPartLength = smsc.length;","","    var parts = 1;","    var inTextNumberArray = this.messageToNumberArray(message);","","    if(message.encoding === '16bit' && inTextNumberArray.length > 70)","        parts = inTextNumberArray.length / 66;","","    else if(message.encoding === '7bit' && inTextNumberArray.length > 160)","        parts = inTextNumberArray.length / 153;","","    parts = Math.ceil(parts);","","    TPMTI  = 1<<0; //(2 bits) type msg, 1=submit by MS","    TPRD   = 1<<2; //(1 bit) reject duplicates","    TPVPF  = 1<<3; //(2 bits) validaty f. : 0=not pres, 1=enhanc,2=relative,3=absolute","    TPSRR  = 1<<5; //(1 bit) want status reply","    TPUDHI = 1<<6; //(1 bit) 1=header+data, 0=only data","    TPRP   = 1<<7; //(1 bit) reply-path","","    var submit = TPMTI;","","    if(parts > 1) //UDHI","        submit = submit | TPUDHI;","","    if (message.request_status!==undefined && message.request_status)","    \tsubmit = submit | TPSRR;","    pdu += ('00'+submit.toString(16)).slice(-2);","    pdu += '00'; //Reference Number;","    var receiverSize = ('00'+(parseInt(message.receiver.length, 10).toString(16))).slice(-2);","    var receiver = pduParser.swapNibbles(message.receiver);","","\t//Destination MSISDN type","    var receiverType;","    if (message.receiver_type !== undefined && (message.receiver_type === 0x81 || message.receiver_type === 0x91)){","        receiverType = message.receiver_type.toString(16);","    } else {","        receiverType = 81;","    }","    pdu += receiverSize.toString(16) + receiverType + receiver;","    pdu += '00'; //TODO TP-PID","","    if(message.encoding === '16bit')","        pdu += '08';","    else if(message.encoding === '7bit')","        pdu += '00';","","    var pdus = new Array();","","    var csms = randomHexa(2); // CSMS allows to give a reference to a concatenated message","","    for(var i=0; i< parts; i++) {","        pdus[i] = pdu;","","        if(message.encoding === '16bit') {","            /* If there are more than one messages to be sent, we are going to have to put some UDH. Then, we would have space only","             * for 66 UCS2 characters instead of 70 */","            if(parts === 1)","                var length = 70;","            else","                var length = 66;","","        } else if(message.encoding === '7bit') {","            /* If there are more than one messages to be sent, we are going to have to put some UDH. Then, we would have space only","             * for 153 ASCII characters instead of 160 */","            if(parts === 1)","                var length = 160;","            else","                var length = 153;","        } else if(message.encoding === '8bit') {","","        }","        var text = inTextNumberArray.slice(i*length, (i*length)+length);","","        var user_data;","        if(message.encoding === '16bit') {","            user_data = pduParser.encode16Bit(text);","            var size = (user_data.length / 2);","","            if(parts > 1)","                size += 6; //6 is the number of data headers we append.","","        } else if(message.encoding === '7bit') {","            if(parts > 1){","                user_data = pduParser.encode7Bit(text,1);","                var size = 7 + text.length;","            }","            else {","                user_data = pduParser.encode7Bit(text);","                var size = text.length;","            }","        }","","        pdus[i] += ('00'+parseInt(size).toString(16)).slice(-2);","","        // UDHI control header for concaterating message's parts","        if(parts > 1) {","            pdus[i] += '05';","            pdus[i] += '00';","            pdus[i] += '03';","            pdus[i] +=  csms;","            pdus[i] += ('00'+parts.toString(16)).slice(-2);","            pdus[i] += ('00'+(i+1).toString(16)).slice(-2);","        }","        pdus[i] += user_data;","        pdus[i] = {","        \ttpdu_length: (pdus[i].length - smscPartLength)/2,","        \tsmsc_tpdu: pdus[i].toUpperCase()","        };","    }","","    return pdus;","}","","","pduParser.swapNibbles = function(nibbles) {","    var out = '';","    for(var i = 0; i< nibbles.length; i=i+2) {","        if(typeof(nibbles[i+1]) === 'undefined') // Add a trailing F.","            out += 'F'+parseInt(nibbles[i], 16).toString(10);","        else","            out += parseInt(nibbles[i+1], 16).toString(10)+parseInt(nibbles[i], 16).toString(10);","    }","    return out;","}","","pduParser.parseStatusReport = function(pdu, smsc_parsed) {","    var cursor = 0;","    var obj = smsc_parsed;","","    var header = parseInt(pdu.slice(cursor,cursor+2));","    cursor += 2;","    //TODO: maybe SMS-COMMAND here","","    obj.reference = parseInt(pdu.slice(cursor,cursor+2), 16);","    cursor += 2;","","    var senderSize = parseInt(pdu.slice(cursor,cursor+2), 16);","    if(senderSize % 2 === 1)","        senderSize++;","    cursor += 2;","","    obj.sender_type = parseInt(pdu.slice(cursor,cursor+2));","    cursor += 2;","","    obj.sender = pduParser.deSwapNibbles(pdu.slice(cursor, cursor+senderSize));","    cursor += senderSize;","","    obj.smsc_ts = parseTS(pdu.slice(cursor, cursor+14));","    cursor += 14;","    obj.discharge_ts = parseTS(pdu.slice(cursor, cursor+14));","    cursor += 14;","","    obj.status = pdu.slice(cursor, cursor+2);","","    return obj;","}","/**"," * Parses SMSC part of the PDU"," */","function parseSMSCPart (pdu){","\t//Cursor points to the last octet we've read.","    var cursor = 0;","","    var buffer = new Buffer(pdu.slice(0,4), 'hex');","    var smscSize = buffer[0];","    var smscType = buffer[1].toString(16);","    var smscNum  = pduParser.deSwapNibbles(pdu.slice(4, smscSize*2+2));","    return {","    \t'smsc' : smscNum,","    \t'smsc_type' : smscType,","    \t'length' : smscSize*2+2","    };","}","/**"," * Parses timestamp from PDU"," */","function parseTS (ts){","\tvar t = pduParser.deSwapNibbles (ts);","","\tvar time = new Date;","    time.setFullYear(2000+parseInt (t.substr (0,2)));","    time.setMonth(parseInt (t.substr(2,2))-1);","    time.setDate(parseInt (t.substr(4,2)));","    time.setHours(parseInt (t.substr(6,2)));","    time.setMinutes(parseInt (t.substr(8,2)));","    time.setSeconds(parseInt (t.substr(10,2)));","","    var firstTimezoneOctet = parseInt(t.substr(12,1));","    var binary = (\"0000\"+firstTimezoneOctet.toString(2)).slice(-4);","    var factor = binary.slice(0,1) === '1' ? 1 : -1;","    var binary = '0'+binary.slice(1, 4);","    var firstTimezoneOctet = parseInt(binary, 2).toString(10);","    var timezoneDiff = parseInt(firstTimezoneOctet + t.substr(13, 1));","    var time = new Date(time.getTime() + (timezoneDiff * 15 * 60000 * factor) - time.getTimezoneOffset()*60000);","","\treturn time;","}","","function TP_MTI_To_String (tp_mti){","\tswitch (tp_mti){","\t\tcase '00': return 'SMS-DELIVER';","\t\tcase '01': return 'SMS-SUBMIT';","\t\tcase '10': return 'SMS-STATUS-REPORT';","\t\tdefault: return 'unknown';","\t}","}","","function randomHexa(size)","{","    var text = \"\";","    var possible = \"0123456789ABCDEF\";","    for( var i=0; i < size; i++ )","        text += possible.charAt(Math.floor(Math.random() * possible.length));","    return text;","}","","/**"," * Return length of the octet"," */","function octetLength (str) {","    var len = (str.toString().length/2).toString(16).toUpperCase();","    if (len.length==1) len = '0' + len;","    return len;","};","","/**"," * Encodes ussd request to PDU"," */","pduParser.ussdEncode = function (ussd) {","\tvar arr = this.messageToNumberArray ({text:ussd,encoding:'7bit'});","\treturn this.encode7Bit(arr).toUpperCase();","};","","module.exports = pduParser;",""],"l":{"3":1,"5":1,"6":1,"11":1,"13":0,"15":0,"16":0,"17":0,"19":0,"20":0,"21":0,"23":0,"24":0,"25":0,"27":0,"28":0,"30":0,"32":0,"33":0,"34":0,"36":0,"37":0,"38":0,"40":0,"42":0,"44":0,"45":0,"47":0,"48":0,"50":0,"51":0,"54":0,"56":0,"58":0,"59":0,"61":0,"62":0,"63":0,"64":0,"65":0,"66":0,"67":0,"68":0,"69":0,"72":0,"73":0,"74":0,"75":0,"76":0,"85":0,"87":0,"88":0,"89":0,"90":0,"91":0,"92":0,"93":0,"94":0,"96":0,"98":0,"99":0,"104":0,"105":0,"106":0,"107":0,"111":0,"114":1,"115":0,"116":0,"117":0,"118":0,"121":0,"122":0,"124":0,"125":0,"127":0,"128":0,"130":0,"131":0,"135":1,"137":0,"138":0,"139":0,"142":0,"145":1,"146":0,"147":0,"148":0,"149":0,"151":0,"153":0,"156":1,"158":0,"159":0,"160":0,"164":0,"165":0,"166":0,"167":0,"169":0,"171":0,"174":0,"175":0,"176":0,"177":0,"178":0,"179":0,"180":0,"181":0,"182":0,"183":0,"184":0,"186":0,"187":0,"190":0,"191":0,"192":0,"193":0,"194":0,"195":0,"196":0,"198":0,"199":0,"201":0,"202":0,"204":0,"207":1,"210":0,"211":0,"212":0,"214":0,"216":0,"217":0,"218":0,"219":0,"222":0,"224":0,"226":0,"227":0,"229":0,"230":0,"231":0,"232":0,"233":0,"235":0,"238":1,"239":0,"240":0,"241":0,"243":0,"246":1,"249":0,"250":0,"252":0,"253":0,"254":0,"256":0,"257":0,"258":0,"259":0,"260":0,"264":0,"265":0,"267":0,"282":1,"283":0,"284":0,"286":0,"287":0,"288":0,"290":0,"292":0,"293":0,"294":0,"296":0,"298":0,"299":0,"301":0,"302":0,"304":0,"305":0,"307":0,"308":0,"310":0,"312":0,"313":0,"314":0,"315":0,"316":0,"317":0,"319":0,"321":0,"322":0,"324":0,"325":0,"326":0,"327":0,"328":0,"329":0,"332":0,"333":0,"334":0,"336":0,"338":0,"339":0,"341":0,"342":0,"343":0,"344":0,"346":0,"348":0,"350":0,"351":0,"353":0,"356":0,"357":0,"359":0,"361":0,"364":0,"365":0,"367":0,"368":0,"371":0,"373":0,"374":0,"375":0,"376":0,"378":0,"379":0,"381":0,"382":0,"383":0,"384":0,"387":0,"388":0,"392":0,"395":0,"396":0,"397":0,"398":0,"399":0,"400":0,"401":0,"403":0,"404":0,"410":0,"414":1,"415":0,"416":0,"417":0,"418":0,"420":0,"422":0,"425":1,"426":0,"427":0,"429":0,"430":0,"433":0,"434":0,"436":0,"437":0,"438":0,"439":0,"441":0,"442":0,"444":0,"445":0,"447":0,"448":0,"449":0,"450":0,"452":0,"454":0,"459":1,"461":0,"463":0,"464":0,"465":0,"466":0,"467":0,"476":1,"477":0,"479":0,"480":0,"481":0,"482":0,"483":0,"484":0,"485":0,"487":0,"488":0,"489":0,"490":0,"491":0,"492":0,"493":0,"495":0,"498":1,"499":0,"500":0,"501":0,"502":0,"503":0,"507":1,"509":0,"510":0,"511":0,"512":0,"513":0,"519":1,"520":0,"521":0,"522":0,"528":1,"529":0,"530":0,"533":1}}}